<?xml version="1.0" encoding="UTF-8"?>
<testsuite xmlns:xsi="http://www.w3.org/2001/XMLSchema-instance" xsi:noNamespaceSchemaLocation="https://maven.apache.org/surefire/maven-surefire-plugin/xsd/surefire-test-report-3.0.xsd" version="3.0" name="com.renault.garage.controller.VehicleAccessoryControllerIntegrationTest" time="1.103" tests="7" errors="0" skipped="0" failures="0">
  <properties>
    <property name="jdk.tls.rejectClientInitiatedRenegotiation" value="true"/>
    <property name="java.specification.version" value="17"/>
    <property name="sun.jnu.encoding" value="UTF-8"/>
    <property name="java.class.path" value="/Users/amineabbaoui/Documents/workspaces/amineabbaouiws/garagemanagerms/target/test-classes:/Users/amineabbaoui/Documents/workspaces/amineabbaouiws/garagemanagerms/target/classes:/Users/amineabbaoui/.m2/repository/org/springframework/boot/spring-boot-starter-data-jpa/3.2.1/spring-boot-starter-data-jpa-3.2.1.jar:/Users/amineabbaoui/.m2/repository/org/springframework/boot/spring-boot-starter-aop/3.2.1/spring-boot-starter-aop-3.2.1.jar:/Users/amineabbaoui/.m2/repository/org/aspectj/aspectjweaver/1.9.21/aspectjweaver-1.9.21.jar:/Users/amineabbaoui/.m2/repository/org/springframework/boot/spring-boot-starter-jdbc/3.2.1/spring-boot-starter-jdbc-3.2.1.jar:/Users/amineabbaoui/.m2/repository/com/zaxxer/HikariCP/5.0.1/HikariCP-5.0.1.jar:/Users/amineabbaoui/.m2/repository/org/springframework/spring-jdbc/6.1.2/spring-jdbc-6.1.2.jar:/Users/amineabbaoui/.m2/repository/org/hibernate/orm/hibernate-core/6.4.1.Final/hibernate-core-6.4.1.Final.jar:/Users/amineabbaoui/.m2/repository/jakarta/persistence/jakarta.persistence-api/3.1.0/jakarta.persistence-api-3.1.0.jar:/Users/amineabbaoui/.m2/repository/jakarta/transaction/jakarta.transaction-api/2.0.1/jakarta.transaction-api-2.0.1.jar:/Users/amineabbaoui/.m2/repository/org/jboss/logging/jboss-logging/3.5.3.Final/jboss-logging-3.5.3.Final.jar:/Users/amineabbaoui/.m2/repository/org/hibernate/common/hibernate-commons-annotations/6.0.6.Final/hibernate-commons-annotations-6.0.6.Final.jar:/Users/amineabbaoui/.m2/repository/io/smallrye/jandex/3.1.2/jandex-3.1.2.jar:/Users/amineabbaoui/.m2/repository/com/fasterxml/classmate/1.6.0/classmate-1.6.0.jar:/Users/amineabbaoui/.m2/repository/net/bytebuddy/byte-buddy/1.14.10/byte-buddy-1.14.10.jar:/Users/amineabbaoui/.m2/repository/org/glassfish/jaxb/jaxb-runtime/4.0.4/jaxb-runtime-4.0.4.jar:/Users/amineabbaoui/.m2/repository/org/glassfish/jaxb/jaxb-core/4.0.4/jaxb-core-4.0.4.jar:/Users/amineabbaoui/.m2/repository/org/eclipse/angus/angus-activation/2.0.1/angus-activation-2.0.1.jar:/Users/amineabbaoui/.m2/repository/org/glassfish/jaxb/txw2/4.0.4/txw2-4.0.4.jar:/Users/amineabbaoui/.m2/repository/com/sun/istack/istack-commons-runtime/4.1.2/istack-commons-runtime-4.1.2.jar:/Users/amineabbaoui/.m2/repository/jakarta/inject/jakarta.inject-api/2.0.1/jakarta.inject-api-2.0.1.jar:/Users/amineabbaoui/.m2/repository/org/antlr/antlr4-runtime/4.13.0/antlr4-runtime-4.13.0.jar:/Users/amineabbaoui/.m2/repository/org/springframework/data/spring-data-jpa/3.2.1/spring-data-jpa-3.2.1.jar:/Users/amineabbaoui/.m2/repository/org/springframework/data/spring-data-commons/3.2.1/spring-data-commons-3.2.1.jar:/Users/amineabbaoui/.m2/repository/org/springframework/spring-orm/6.1.2/spring-orm-6.1.2.jar:/Users/amineabbaoui/.m2/repository/org/springframework/spring-beans/6.1.2/spring-beans-6.1.2.jar:/Users/amineabbaoui/.m2/repository/jakarta/annotation/jakarta.annotation-api/2.1.1/jakarta.annotation-api-2.1.1.jar:/Users/amineabbaoui/.m2/repository/org/slf4j/slf4j-api/2.0.9/slf4j-api-2.0.9.jar:/Users/amineabbaoui/.m2/repository/org/springframework/spring-aspects/6.1.2/spring-aspects-6.1.2.jar:/Users/amineabbaoui/.m2/repository/org/springframework/boot/spring-boot-starter-security/3.2.1/spring-boot-starter-security-3.2.1.jar:/Users/amineabbaoui/.m2/repository/org/springframework/boot/spring-boot-starter/3.2.1/spring-boot-starter-3.2.1.jar:/Users/amineabbaoui/.m2/repository/org/springframework/boot/spring-boot/3.2.1/spring-boot-3.2.1.jar:/Users/amineabbaoui/.m2/repository/org/springframework/boot/spring-boot-autoconfigure/3.2.1/spring-boot-autoconfigure-3.2.1.jar:/Users/amineabbaoui/.m2/repository/org/springframework/boot/spring-boot-starter-logging/3.2.1/spring-boot-starter-logging-3.2.1.jar:/Users/amineabbaoui/.m2/repository/org/apache/logging/log4j/log4j-to-slf4j/2.21.1/log4j-to-slf4j-2.21.1.jar:/Users/amineabbaoui/.m2/repository/org/apache/logging/log4j/log4j-api/2.21.1/log4j-api-2.21.1.jar:/Users/amineabbaoui/.m2/repository/org/slf4j/jul-to-slf4j/2.0.9/jul-to-slf4j-2.0.9.jar:/Users/amineabbaoui/.m2/repository/org/yaml/snakeyaml/2.2/snakeyaml-2.2.jar:/Users/amineabbaoui/.m2/repository/org/springframework/spring-aop/6.1.2/spring-aop-6.1.2.jar:/Users/amineabbaoui/.m2/repository/org/springframework/security/spring-security-config/6.2.1/spring-security-config-6.2.1.jar:/Users/amineabbaoui/.m2/repository/org/springframework/security/spring-security-web/6.2.1/spring-security-web-6.2.1.jar:/Users/amineabbaoui/.m2/repository/org/springframework/spring-expression/6.1.2/spring-expression-6.1.2.jar:/Users/amineabbaoui/.m2/repository/org/springframework/boot/spring-boot-starter-validation/3.2.1/spring-boot-starter-validation-3.2.1.jar:/Users/amineabbaoui/.m2/repository/org/apache/tomcat/embed/tomcat-embed-el/10.1.17/tomcat-embed-el-10.1.17.jar:/Users/amineabbaoui/.m2/repository/org/hibernate/validator/hibernate-validator/8.0.1.Final/hibernate-validator-8.0.1.Final.jar:/Users/amineabbaoui/.m2/repository/jakarta/validation/jakarta.validation-api/3.0.2/jakarta.validation-api-3.0.2.jar:/Users/amineabbaoui/.m2/repository/org/springdoc/springdoc-openapi-starter-webmvc-ui/2.5.0/springdoc-openapi-starter-webmvc-ui-2.5.0.jar:/Users/amineabbaoui/.m2/repository/org/springdoc/springdoc-openapi-starter-webmvc-api/2.5.0/springdoc-openapi-starter-webmvc-api-2.5.0.jar:/Users/amineabbaoui/.m2/repository/org/springdoc/springdoc-openapi-starter-common/2.5.0/springdoc-openapi-starter-common-2.5.0.jar:/Users/amineabbaoui/.m2/repository/io/swagger/core/v3/swagger-core-jakarta/2.2.21/swagger-core-jakarta-2.2.21.jar:/Users/amineabbaoui/.m2/repository/org/apache/commons/commons-lang3/3.13.0/commons-lang3-3.13.0.jar:/Users/amineabbaoui/.m2/repository/io/swagger/core/v3/swagger-annotations-jakarta/2.2.21/swagger-annotations-jakarta-2.2.21.jar:/Users/amineabbaoui/.m2/repository/io/swagger/core/v3/swagger-models-jakarta/2.2.21/swagger-models-jakarta-2.2.21.jar:/Users/amineabbaoui/.m2/repository/com/fasterxml/jackson/dataformat/jackson-dataformat-yaml/2.15.3/jackson-dataformat-yaml-2.15.3.jar:/Users/amineabbaoui/.m2/repository/org/webjars/swagger-ui/5.13.0/swagger-ui-5.13.0.jar:/Users/amineabbaoui/.m2/repository/org/springframework/boot/spring-boot-starter-web/3.2.1/spring-boot-starter-web-3.2.1.jar:/Users/amineabbaoui/.m2/repository/org/springframework/boot/spring-boot-starter-json/3.2.1/spring-boot-starter-json-3.2.1.jar:/Users/amineabbaoui/.m2/repository/com/fasterxml/jackson/datatype/jackson-datatype-jdk8/2.15.3/jackson-datatype-jdk8-2.15.3.jar:/Users/amineabbaoui/.m2/repository/com/fasterxml/jackson/datatype/jackson-datatype-jsr310/2.15.3/jackson-datatype-jsr310-2.15.3.jar:/Users/amineabbaoui/.m2/repository/com/fasterxml/jackson/module/jackson-module-parameter-names/2.15.3/jackson-module-parameter-names-2.15.3.jar:/Users/amineabbaoui/.m2/repository/org/springframework/boot/spring-boot-starter-tomcat/3.2.1/spring-boot-starter-tomcat-3.2.1.jar:/Users/amineabbaoui/.m2/repository/org/apache/tomcat/embed/tomcat-embed-core/10.1.17/tomcat-embed-core-10.1.17.jar:/Users/amineabbaoui/.m2/repository/org/apache/tomcat/embed/tomcat-embed-websocket/10.1.17/tomcat-embed-websocket-10.1.17.jar:/Users/amineabbaoui/.m2/repository/org/springframework/spring-web/6.1.2/spring-web-6.1.2.jar:/Users/amineabbaoui/.m2/repository/org/springframework/spring-webmvc/6.1.2/spring-webmvc-6.1.2.jar:/Users/amineabbaoui/.m2/repository/org/mapstruct/mapstruct/1.5.5.Final/mapstruct-1.5.5.Final.jar:/Users/amineabbaoui/.m2/repository/org/projectlombok/lombok/1.18.30/lombok-1.18.30.jar:/Users/amineabbaoui/.m2/repository/com/mysql/mysql-connector-j/8.1.0/mysql-connector-j-8.1.0.jar:/Users/amineabbaoui/.m2/repository/org/springframework/boot/spring-boot-starter-test/3.2.1/spring-boot-starter-test-3.2.1.jar:/Users/amineabbaoui/.m2/repository/org/springframework/boot/spring-boot-test/3.2.1/spring-boot-test-3.2.1.jar:/Users/amineabbaoui/.m2/repository/org/springframework/boot/spring-boot-test-autoconfigure/3.2.1/spring-boot-test-autoconfigure-3.2.1.jar:/Users/amineabbaoui/.m2/repository/com/jayway/jsonpath/json-path/2.8.0/json-path-2.8.0.jar:/Users/amineabbaoui/.m2/repository/jakarta/xml/bind/jakarta.xml.bind-api/4.0.1/jakarta.xml.bind-api-4.0.1.jar:/Users/amineabbaoui/.m2/repository/jakarta/activation/jakarta.activation-api/2.1.2/jakarta.activation-api-2.1.2.jar:/Users/amineabbaoui/.m2/repository/net/minidev/json-smart/2.5.0/json-smart-2.5.0.jar:/Users/amineabbaoui/.m2/repository/net/minidev/accessors-smart/2.5.0/accessors-smart-2.5.0.jar:/Users/amineabbaoui/.m2/repository/org/ow2/asm/asm/9.3/asm-9.3.jar:/Users/amineabbaoui/.m2/repository/org/assertj/assertj-core/3.24.2/assertj-core-3.24.2.jar:/Users/amineabbaoui/.m2/repository/org/hamcrest/hamcrest/2.2/hamcrest-2.2.jar:/Users/amineabbaoui/.m2/repository/org/junit/jupiter/junit-jupiter/5.10.1/junit-jupiter-5.10.1.jar:/Users/amineabbaoui/.m2/repository/org/junit/jupiter/junit-jupiter-params/5.10.1/junit-jupiter-params-5.10.1.jar:/Users/amineabbaoui/.m2/repository/org/junit/jupiter/junit-jupiter-engine/5.10.1/junit-jupiter-engine-5.10.1.jar:/Users/amineabbaoui/.m2/repository/org/mockito/mockito-core/5.7.0/mockito-core-5.7.0.jar:/Users/amineabbaoui/.m2/repository/net/bytebuddy/byte-buddy-agent/1.14.10/byte-buddy-agent-1.14.10.jar:/Users/amineabbaoui/.m2/repository/org/objenesis/objenesis/3.3/objenesis-3.3.jar:/Users/amineabbaoui/.m2/repository/org/mockito/mockito-junit-jupiter/5.7.0/mockito-junit-jupiter-5.7.0.jar:/Users/amineabbaoui/.m2/repository/org/skyscreamer/jsonassert/1.5.1/jsonassert-1.5.1.jar:/Users/amineabbaoui/.m2/repository/com/vaadin/external/google/android-json/0.0.20131108.vaadin1/android-json-0.0.20131108.vaadin1.jar:/Users/amineabbaoui/.m2/repository/org/springframework/spring-core/6.1.2/spring-core-6.1.2.jar:/Users/amineabbaoui/.m2/repository/org/springframework/spring-jcl/6.1.2/spring-jcl-6.1.2.jar:/Users/amineabbaoui/.m2/repository/org/springframework/spring-test/6.1.2/spring-test-6.1.2.jar:/Users/amineabbaoui/.m2/repository/org/xmlunit/xmlunit-core/2.9.1/xmlunit-core-2.9.1.jar:/Users/amineabbaoui/.m2/repository/org/springframework/security/spring-security-test/6.2.1/spring-security-test-6.2.1.jar:/Users/amineabbaoui/.m2/repository/org/springframework/security/spring-security-core/6.2.1/spring-security-core-6.2.1.jar:/Users/amineabbaoui/.m2/repository/org/springframework/security/spring-security-crypto/6.2.1/spring-security-crypto-6.2.1.jar:/Users/amineabbaoui/.m2/repository/io/jsonwebtoken/jjwt-api/0.11.5/jjwt-api-0.11.5.jar:/Users/amineabbaoui/.m2/repository/io/jsonwebtoken/jjwt-impl/0.11.5/jjwt-impl-0.11.5.jar:/Users/amineabbaoui/.m2/repository/io/jsonwebtoken/jjwt-jackson/0.11.5/jjwt-jackson-0.11.5.jar:/Users/amineabbaoui/.m2/repository/com/h2database/h2/2.2.224/h2-2.2.224.jar:/Users/amineabbaoui/.m2/repository/org/springframework/kafka/spring-kafka/3.1.3/spring-kafka-3.1.3.jar:/Users/amineabbaoui/.m2/repository/org/springframework/spring-context/6.1.2/spring-context-6.1.2.jar:/Users/amineabbaoui/.m2/repository/org/springframework/spring-messaging/6.1.2/spring-messaging-6.1.2.jar:/Users/amineabbaoui/.m2/repository/org/springframework/spring-tx/6.1.2/spring-tx-6.1.2.jar:/Users/amineabbaoui/.m2/repository/org/springframework/retry/spring-retry/2.0.5/spring-retry-2.0.5.jar:/Users/amineabbaoui/.m2/repository/org/apache/kafka/kafka-clients/3.6.1/kafka-clients-3.6.1.jar:/Users/amineabbaoui/.m2/repository/com/github/luben/zstd-jni/1.5.5-1/zstd-jni-1.5.5-1.jar:/Users/amineabbaoui/.m2/repository/org/lz4/lz4-java/1.8.0/lz4-java-1.8.0.jar:/Users/amineabbaoui/.m2/repository/org/xerial/snappy/snappy-java/1.1.10.5/snappy-java-1.1.10.5.jar:/Users/amineabbaoui/.m2/repository/io/micrometer/micrometer-observation/1.12.1/micrometer-observation-1.12.1.jar:/Users/amineabbaoui/.m2/repository/io/micrometer/micrometer-commons/1.12.1/micrometer-commons-1.12.1.jar:/Users/amineabbaoui/.m2/repository/com/google/code/findbugs/jsr305/3.0.2/jsr305-3.0.2.jar:/Users/amineabbaoui/.m2/repository/com/fasterxml/jackson/core/jackson-databind/2.15.2/jackson-databind-2.15.2.jar:/Users/amineabbaoui/.m2/repository/com/fasterxml/jackson/core/jackson-annotations/2.15.3/jackson-annotations-2.15.3.jar:/Users/amineabbaoui/.m2/repository/com/fasterxml/jackson/core/jackson-core/2.15.3/jackson-core-2.15.3.jar:/Users/amineabbaoui/.m2/repository/org/springframework/kafka/spring-kafka-test/3.1.1/spring-kafka-test-3.1.1.jar:/Users/amineabbaoui/.m2/repository/org/apache/zookeeper/zookeeper/3.8.3/zookeeper-3.8.3.jar:/Users/amineabbaoui/.m2/repository/org/apache/zookeeper/zookeeper-jute/3.8.3/zookeeper-jute-3.8.3.jar:/Users/amineabbaoui/.m2/repository/org/apache/yetus/audience-annotations/0.12.0/audience-annotations-0.12.0.jar:/Users/amineabbaoui/.m2/repository/io/netty/netty-handler/4.1.104.Final/netty-handler-4.1.104.Final.jar:/Users/amineabbaoui/.m2/repository/io/netty/netty-common/4.1.104.Final/netty-common-4.1.104.Final.jar:/Users/amineabbaoui/.m2/repository/io/netty/netty-resolver/4.1.104.Final/netty-resolver-4.1.104.Final.jar:/Users/amineabbaoui/.m2/repository/io/netty/netty-buffer/4.1.104.Final/netty-buffer-4.1.104.Final.jar:/Users/amineabbaoui/.m2/repository/io/netty/netty-transport/4.1.104.Final/netty-transport-4.1.104.Final.jar:/Users/amineabbaoui/.m2/repository/io/netty/netty-transport-native-unix-common/4.1.104.Final/netty-transport-native-unix-common-4.1.104.Final.jar:/Users/amineabbaoui/.m2/repository/io/netty/netty-codec/4.1.104.Final/netty-codec-4.1.104.Final.jar:/Users/amineabbaoui/.m2/repository/io/netty/netty-transport-native-epoll/4.1.104.Final/netty-transport-native-epoll-4.1.104.Final.jar:/Users/amineabbaoui/.m2/repository/io/netty/netty-transport-classes-epoll/4.1.104.Final/netty-transport-classes-epoll-4.1.104.Final.jar:/Users/amineabbaoui/.m2/repository/ch/qos/logback/logback-core/1.4.14/logback-core-1.4.14.jar:/Users/amineabbaoui/.m2/repository/ch/qos/logback/logback-classic/1.4.14/logback-classic-1.4.14.jar:/Users/amineabbaoui/.m2/repository/commons-io/commons-io/2.11.0/commons-io-2.11.0.jar:/Users/amineabbaoui/.m2/repository/org/apache/kafka/kafka-clients/3.6.1/kafka-clients-3.6.1-test.jar:/Users/amineabbaoui/.m2/repository/org/apache/kafka/kafka-metadata/3.6.1/kafka-metadata-3.6.1.jar:/Users/amineabbaoui/.m2/repository/org/apache/kafka/kafka-raft/3.6.1/kafka-raft-3.6.1.jar:/Users/amineabbaoui/.m2/repository/com/yammer/metrics/metrics-core/2.2.0/metrics-core-2.2.0.jar:/Users/amineabbaoui/.m2/repository/org/apache/kafka/kafka-server-common/3.6.1/kafka-server-common-3.6.1.jar:/Users/amineabbaoui/.m2/repository/net/sf/jopt-simple/jopt-simple/5.0.4/jopt-simple-5.0.4.jar:/Users/amineabbaoui/.m2/repository/org/pcollections/pcollections/4.0.1/pcollections-4.0.1.jar:/Users/amineabbaoui/.m2/repository/org/apache/kafka/kafka-server-common/3.6.1/kafka-server-common-3.6.1-test.jar:/Users/amineabbaoui/.m2/repository/org/apache/kafka/kafka-streams-test-utils/3.6.1/kafka-streams-test-utils-3.6.1.jar:/Users/amineabbaoui/.m2/repository/org/apache/kafka/kafka-streams/3.6.1/kafka-streams-3.6.1.jar:/Users/amineabbaoui/.m2/repository/org/rocksdb/rocksdbjni/7.9.2/rocksdbjni-7.9.2.jar:/Users/amineabbaoui/.m2/repository/org/apache/kafka/kafka_2.13/3.6.1/kafka_2.13-3.6.1.jar:/Users/amineabbaoui/.m2/repository/org/scala-lang/scala-library/2.13.11/scala-library-2.13.11.jar:/Users/amineabbaoui/.m2/repository/org/apache/kafka/kafka-group-coordinator/3.6.1/kafka-group-coordinator-3.6.1.jar:/Users/amineabbaoui/.m2/repository/org/apache/kafka/kafka-storage-api/3.6.1/kafka-storage-api-3.6.1.jar:/Users/amineabbaoui/.m2/repository/org/apache/kafka/kafka-tools-api/3.6.1/kafka-tools-api-3.6.1.jar:/Users/amineabbaoui/.m2/repository/org/apache/kafka/kafka-storage/3.6.1/kafka-storage-3.6.1.jar:/Users/amineabbaoui/.m2/repository/com/github/ben-manes/caffeine/caffeine/3.1.8/caffeine-3.1.8.jar:/Users/amineabbaoui/.m2/repository/org/checkerframework/checker-qual/3.37.0/checker-qual-3.37.0.jar:/Users/amineabbaoui/.m2/repository/com/google/errorprone/error_prone_annotations/2.21.1/error_prone_annotations-2.21.1.jar:/Users/amineabbaoui/.m2/repository/net/sourceforge/argparse4j/argparse4j/0.7.0/argparse4j-0.7.0.jar:/Users/amineabbaoui/.m2/repository/commons-validator/commons-validator/1.7/commons-validator-1.7.jar:/Users/amineabbaoui/.m2/repository/commons-beanutils/commons-beanutils/1.9.4/commons-beanutils-1.9.4.jar:/Users/amineabbaoui/.m2/repository/commons-digester/commons-digester/2.1/commons-digester-2.1.jar:/Users/amineabbaoui/.m2/repository/commons-collections/commons-collections/3.2.2/commons-collections-3.2.2.jar:/Users/amineabbaoui/.m2/repository/com/fasterxml/jackson/module/jackson-module-scala_2.13/2.15.3/jackson-module-scala_2.13-2.15.3.jar:/Users/amineabbaoui/.m2/repository/com/thoughtworks/paranamer/paranamer/2.8/paranamer-2.8.jar:/Users/amineabbaoui/.m2/repository/com/fasterxml/jackson/dataformat/jackson-dataformat-csv/2.15.3/jackson-dataformat-csv-2.15.3.jar:/Users/amineabbaoui/.m2/repository/org/bitbucket/b_c/jose4j/0.9.3/jose4j-0.9.3.jar:/Users/amineabbaoui/.m2/repository/org/scala-lang/modules/scala-collection-compat_2.13/2.10.0/scala-collection-compat_2.13-2.10.0.jar:/Users/amineabbaoui/.m2/repository/org/scala-lang/modules/scala-java8-compat_2.13/1.0.2/scala-java8-compat_2.13-1.0.2.jar:/Users/amineabbaoui/.m2/repository/org/scala-lang/scala-reflect/2.13.11/scala-reflect-2.13.11.jar:/Users/amineabbaoui/.m2/repository/com/typesafe/scala-logging/scala-logging_2.13/3.9.4/scala-logging_2.13-3.9.4.jar:/Users/amineabbaoui/.m2/repository/io/dropwizard/metrics/metrics-core/4.2.23/metrics-core-4.2.23.jar:/Users/amineabbaoui/.m2/repository/commons-cli/commons-cli/1.4/commons-cli-1.4.jar:/Users/amineabbaoui/.m2/repository/org/apache/kafka/kafka_2.13/3.6.1/kafka_2.13-3.6.1-test.jar:/Users/amineabbaoui/.m2/repository/org/junit/jupiter/junit-jupiter-api/5.10.1/junit-jupiter-api-5.10.1.jar:/Users/amineabbaoui/.m2/repository/org/opentest4j/opentest4j/1.3.0/opentest4j-1.3.0.jar:/Users/amineabbaoui/.m2/repository/org/junit/platform/junit-platform-commons/1.10.1/junit-platform-commons-1.10.1.jar:/Users/amineabbaoui/.m2/repository/org/apiguardian/apiguardian-api/1.1.2/apiguardian-api-1.1.2.jar:/Users/amineabbaoui/.m2/repository/org/junit/platform/junit-platform-launcher/1.10.1/junit-platform-launcher-1.10.1.jar:/Users/amineabbaoui/.m2/repository/org/junit/platform/junit-platform-engine/1.10.1/junit-platform-engine-1.10.1.jar:/Users/amineabbaoui/.m2/repository/org/awaitility/awaitility/4.2.0/awaitility-4.2.0.jar:/Users/amineabbaoui/.m2/repository/org/testcontainers/kafka/1.19.3/kafka-1.19.3.jar:/Users/amineabbaoui/.m2/repository/org/testcontainers/testcontainers/1.19.3/testcontainers-1.19.3.jar:/Users/amineabbaoui/.m2/repository/junit/junit/4.13.2/junit-4.13.2.jar:/Users/amineabbaoui/.m2/repository/org/hamcrest/hamcrest-core/2.2/hamcrest-core-2.2.jar:/Users/amineabbaoui/.m2/repository/org/apache/commons/commons-compress/1.24.0/commons-compress-1.24.0.jar:/Users/amineabbaoui/.m2/repository/org/rnorth/duct-tape/duct-tape/1.0.8/duct-tape-1.0.8.jar:/Users/amineabbaoui/.m2/repository/org/jetbrains/annotations/17.0.0/annotations-17.0.0.jar:/Users/amineabbaoui/.m2/repository/com/github/docker-java/docker-java-api/3.3.4/docker-java-api-3.3.4.jar:/Users/amineabbaoui/.m2/repository/com/github/docker-java/docker-java-transport-zerodep/3.3.4/docker-java-transport-zerodep-3.3.4.jar:/Users/amineabbaoui/.m2/repository/com/github/docker-java/docker-java-transport/3.3.4/docker-java-transport-3.3.4.jar:/Users/amineabbaoui/.m2/repository/net/java/dev/jna/jna/5.13.0/jna-5.13.0.jar:"/>
    <property name="java.vm.vendor" value="Eclipse Adoptium"/>
    <property name="sun.arch.data.model" value="64"/>
    <property name="java.vendor.url" value="https://adoptium.net/"/>
    <property name="catalina.useNaming" value="false"/>
    <property name="user.timezone" value="Europe/Brussels"/>
    <property name="org.jboss.logging.provider" value="slf4j"/>
    <property name="os.name" value="Mac OS X"/>
    <property name="java.vm.specification.version" value="17"/>
    <property name="sun.java.launcher" value="SUN_STANDARD"/>
    <property name="user.country" value="BE"/>
    <property name="sun.boot.library.path" value="/Users/amineabbaoui/.sdkman/candidates/java/17.0.4.1-tem/lib"/>
    <property name="sun.java.command" value="/Users/amineabbaoui/Documents/workspaces/amineabbaouiws/garagemanagerms/target/surefire/surefirebooter-20250621210426367_3.jar /Users/amineabbaoui/Documents/workspaces/amineabbaouiws/garagemanagerms/target/surefire 2025-06-21T21-04-26_333-jvmRun1 surefire-20250621210426367_1tmp surefire_0-20250621210426367_2tmp"/>
    <property name="http.nonProxyHosts" value="local|*.local|169.254/16|*.169.254/16"/>
    <property name="jdk.debug" value="release"/>
    <property name="surefire.test.class.path" value="/Users/amineabbaoui/Documents/workspaces/amineabbaouiws/garagemanagerms/target/test-classes:/Users/amineabbaoui/Documents/workspaces/amineabbaouiws/garagemanagerms/target/classes:/Users/amineabbaoui/.m2/repository/org/springframework/boot/spring-boot-starter-data-jpa/3.2.1/spring-boot-starter-data-jpa-3.2.1.jar:/Users/amineabbaoui/.m2/repository/org/springframework/boot/spring-boot-starter-aop/3.2.1/spring-boot-starter-aop-3.2.1.jar:/Users/amineabbaoui/.m2/repository/org/aspectj/aspectjweaver/1.9.21/aspectjweaver-1.9.21.jar:/Users/amineabbaoui/.m2/repository/org/springframework/boot/spring-boot-starter-jdbc/3.2.1/spring-boot-starter-jdbc-3.2.1.jar:/Users/amineabbaoui/.m2/repository/com/zaxxer/HikariCP/5.0.1/HikariCP-5.0.1.jar:/Users/amineabbaoui/.m2/repository/org/springframework/spring-jdbc/6.1.2/spring-jdbc-6.1.2.jar:/Users/amineabbaoui/.m2/repository/org/hibernate/orm/hibernate-core/6.4.1.Final/hibernate-core-6.4.1.Final.jar:/Users/amineabbaoui/.m2/repository/jakarta/persistence/jakarta.persistence-api/3.1.0/jakarta.persistence-api-3.1.0.jar:/Users/amineabbaoui/.m2/repository/jakarta/transaction/jakarta.transaction-api/2.0.1/jakarta.transaction-api-2.0.1.jar:/Users/amineabbaoui/.m2/repository/org/jboss/logging/jboss-logging/3.5.3.Final/jboss-logging-3.5.3.Final.jar:/Users/amineabbaoui/.m2/repository/org/hibernate/common/hibernate-commons-annotations/6.0.6.Final/hibernate-commons-annotations-6.0.6.Final.jar:/Users/amineabbaoui/.m2/repository/io/smallrye/jandex/3.1.2/jandex-3.1.2.jar:/Users/amineabbaoui/.m2/repository/com/fasterxml/classmate/1.6.0/classmate-1.6.0.jar:/Users/amineabbaoui/.m2/repository/net/bytebuddy/byte-buddy/1.14.10/byte-buddy-1.14.10.jar:/Users/amineabbaoui/.m2/repository/org/glassfish/jaxb/jaxb-runtime/4.0.4/jaxb-runtime-4.0.4.jar:/Users/amineabbaoui/.m2/repository/org/glassfish/jaxb/jaxb-core/4.0.4/jaxb-core-4.0.4.jar:/Users/amineabbaoui/.m2/repository/org/eclipse/angus/angus-activation/2.0.1/angus-activation-2.0.1.jar:/Users/amineabbaoui/.m2/repository/org/glassfish/jaxb/txw2/4.0.4/txw2-4.0.4.jar:/Users/amineabbaoui/.m2/repository/com/sun/istack/istack-commons-runtime/4.1.2/istack-commons-runtime-4.1.2.jar:/Users/amineabbaoui/.m2/repository/jakarta/inject/jakarta.inject-api/2.0.1/jakarta.inject-api-2.0.1.jar:/Users/amineabbaoui/.m2/repository/org/antlr/antlr4-runtime/4.13.0/antlr4-runtime-4.13.0.jar:/Users/amineabbaoui/.m2/repository/org/springframework/data/spring-data-jpa/3.2.1/spring-data-jpa-3.2.1.jar:/Users/amineabbaoui/.m2/repository/org/springframework/data/spring-data-commons/3.2.1/spring-data-commons-3.2.1.jar:/Users/amineabbaoui/.m2/repository/org/springframework/spring-orm/6.1.2/spring-orm-6.1.2.jar:/Users/amineabbaoui/.m2/repository/org/springframework/spring-beans/6.1.2/spring-beans-6.1.2.jar:/Users/amineabbaoui/.m2/repository/jakarta/annotation/jakarta.annotation-api/2.1.1/jakarta.annotation-api-2.1.1.jar:/Users/amineabbaoui/.m2/repository/org/slf4j/slf4j-api/2.0.9/slf4j-api-2.0.9.jar:/Users/amineabbaoui/.m2/repository/org/springframework/spring-aspects/6.1.2/spring-aspects-6.1.2.jar:/Users/amineabbaoui/.m2/repository/org/springframework/boot/spring-boot-starter-security/3.2.1/spring-boot-starter-security-3.2.1.jar:/Users/amineabbaoui/.m2/repository/org/springframework/boot/spring-boot-starter/3.2.1/spring-boot-starter-3.2.1.jar:/Users/amineabbaoui/.m2/repository/org/springframework/boot/spring-boot/3.2.1/spring-boot-3.2.1.jar:/Users/amineabbaoui/.m2/repository/org/springframework/boot/spring-boot-autoconfigure/3.2.1/spring-boot-autoconfigure-3.2.1.jar:/Users/amineabbaoui/.m2/repository/org/springframework/boot/spring-boot-starter-logging/3.2.1/spring-boot-starter-logging-3.2.1.jar:/Users/amineabbaoui/.m2/repository/org/apache/logging/log4j/log4j-to-slf4j/2.21.1/log4j-to-slf4j-2.21.1.jar:/Users/amineabbaoui/.m2/repository/org/apache/logging/log4j/log4j-api/2.21.1/log4j-api-2.21.1.jar:/Users/amineabbaoui/.m2/repository/org/slf4j/jul-to-slf4j/2.0.9/jul-to-slf4j-2.0.9.jar:/Users/amineabbaoui/.m2/repository/org/yaml/snakeyaml/2.2/snakeyaml-2.2.jar:/Users/amineabbaoui/.m2/repository/org/springframework/spring-aop/6.1.2/spring-aop-6.1.2.jar:/Users/amineabbaoui/.m2/repository/org/springframework/security/spring-security-config/6.2.1/spring-security-config-6.2.1.jar:/Users/amineabbaoui/.m2/repository/org/springframework/security/spring-security-web/6.2.1/spring-security-web-6.2.1.jar:/Users/amineabbaoui/.m2/repository/org/springframework/spring-expression/6.1.2/spring-expression-6.1.2.jar:/Users/amineabbaoui/.m2/repository/org/springframework/boot/spring-boot-starter-validation/3.2.1/spring-boot-starter-validation-3.2.1.jar:/Users/amineabbaoui/.m2/repository/org/apache/tomcat/embed/tomcat-embed-el/10.1.17/tomcat-embed-el-10.1.17.jar:/Users/amineabbaoui/.m2/repository/org/hibernate/validator/hibernate-validator/8.0.1.Final/hibernate-validator-8.0.1.Final.jar:/Users/amineabbaoui/.m2/repository/jakarta/validation/jakarta.validation-api/3.0.2/jakarta.validation-api-3.0.2.jar:/Users/amineabbaoui/.m2/repository/org/springdoc/springdoc-openapi-starter-webmvc-ui/2.5.0/springdoc-openapi-starter-webmvc-ui-2.5.0.jar:/Users/amineabbaoui/.m2/repository/org/springdoc/springdoc-openapi-starter-webmvc-api/2.5.0/springdoc-openapi-starter-webmvc-api-2.5.0.jar:/Users/amineabbaoui/.m2/repository/org/springdoc/springdoc-openapi-starter-common/2.5.0/springdoc-openapi-starter-common-2.5.0.jar:/Users/amineabbaoui/.m2/repository/io/swagger/core/v3/swagger-core-jakarta/2.2.21/swagger-core-jakarta-2.2.21.jar:/Users/amineabbaoui/.m2/repository/org/apache/commons/commons-lang3/3.13.0/commons-lang3-3.13.0.jar:/Users/amineabbaoui/.m2/repository/io/swagger/core/v3/swagger-annotations-jakarta/2.2.21/swagger-annotations-jakarta-2.2.21.jar:/Users/amineabbaoui/.m2/repository/io/swagger/core/v3/swagger-models-jakarta/2.2.21/swagger-models-jakarta-2.2.21.jar:/Users/amineabbaoui/.m2/repository/com/fasterxml/jackson/dataformat/jackson-dataformat-yaml/2.15.3/jackson-dataformat-yaml-2.15.3.jar:/Users/amineabbaoui/.m2/repository/org/webjars/swagger-ui/5.13.0/swagger-ui-5.13.0.jar:/Users/amineabbaoui/.m2/repository/org/springframework/boot/spring-boot-starter-web/3.2.1/spring-boot-starter-web-3.2.1.jar:/Users/amineabbaoui/.m2/repository/org/springframework/boot/spring-boot-starter-json/3.2.1/spring-boot-starter-json-3.2.1.jar:/Users/amineabbaoui/.m2/repository/com/fasterxml/jackson/datatype/jackson-datatype-jdk8/2.15.3/jackson-datatype-jdk8-2.15.3.jar:/Users/amineabbaoui/.m2/repository/com/fasterxml/jackson/datatype/jackson-datatype-jsr310/2.15.3/jackson-datatype-jsr310-2.15.3.jar:/Users/amineabbaoui/.m2/repository/com/fasterxml/jackson/module/jackson-module-parameter-names/2.15.3/jackson-module-parameter-names-2.15.3.jar:/Users/amineabbaoui/.m2/repository/org/springframework/boot/spring-boot-starter-tomcat/3.2.1/spring-boot-starter-tomcat-3.2.1.jar:/Users/amineabbaoui/.m2/repository/org/apache/tomcat/embed/tomcat-embed-core/10.1.17/tomcat-embed-core-10.1.17.jar:/Users/amineabbaoui/.m2/repository/org/apache/tomcat/embed/tomcat-embed-websocket/10.1.17/tomcat-embed-websocket-10.1.17.jar:/Users/amineabbaoui/.m2/repository/org/springframework/spring-web/6.1.2/spring-web-6.1.2.jar:/Users/amineabbaoui/.m2/repository/org/springframework/spring-webmvc/6.1.2/spring-webmvc-6.1.2.jar:/Users/amineabbaoui/.m2/repository/org/mapstruct/mapstruct/1.5.5.Final/mapstruct-1.5.5.Final.jar:/Users/amineabbaoui/.m2/repository/org/projectlombok/lombok/1.18.30/lombok-1.18.30.jar:/Users/amineabbaoui/.m2/repository/com/mysql/mysql-connector-j/8.1.0/mysql-connector-j-8.1.0.jar:/Users/amineabbaoui/.m2/repository/org/springframework/boot/spring-boot-starter-test/3.2.1/spring-boot-starter-test-3.2.1.jar:/Users/amineabbaoui/.m2/repository/org/springframework/boot/spring-boot-test/3.2.1/spring-boot-test-3.2.1.jar:/Users/amineabbaoui/.m2/repository/org/springframework/boot/spring-boot-test-autoconfigure/3.2.1/spring-boot-test-autoconfigure-3.2.1.jar:/Users/amineabbaoui/.m2/repository/com/jayway/jsonpath/json-path/2.8.0/json-path-2.8.0.jar:/Users/amineabbaoui/.m2/repository/jakarta/xml/bind/jakarta.xml.bind-api/4.0.1/jakarta.xml.bind-api-4.0.1.jar:/Users/amineabbaoui/.m2/repository/jakarta/activation/jakarta.activation-api/2.1.2/jakarta.activation-api-2.1.2.jar:/Users/amineabbaoui/.m2/repository/net/minidev/json-smart/2.5.0/json-smart-2.5.0.jar:/Users/amineabbaoui/.m2/repository/net/minidev/accessors-smart/2.5.0/accessors-smart-2.5.0.jar:/Users/amineabbaoui/.m2/repository/org/ow2/asm/asm/9.3/asm-9.3.jar:/Users/amineabbaoui/.m2/repository/org/assertj/assertj-core/3.24.2/assertj-core-3.24.2.jar:/Users/amineabbaoui/.m2/repository/org/hamcrest/hamcrest/2.2/hamcrest-2.2.jar:/Users/amineabbaoui/.m2/repository/org/junit/jupiter/junit-jupiter/5.10.1/junit-jupiter-5.10.1.jar:/Users/amineabbaoui/.m2/repository/org/junit/jupiter/junit-jupiter-params/5.10.1/junit-jupiter-params-5.10.1.jar:/Users/amineabbaoui/.m2/repository/org/junit/jupiter/junit-jupiter-engine/5.10.1/junit-jupiter-engine-5.10.1.jar:/Users/amineabbaoui/.m2/repository/org/mockito/mockito-core/5.7.0/mockito-core-5.7.0.jar:/Users/amineabbaoui/.m2/repository/net/bytebuddy/byte-buddy-agent/1.14.10/byte-buddy-agent-1.14.10.jar:/Users/amineabbaoui/.m2/repository/org/objenesis/objenesis/3.3/objenesis-3.3.jar:/Users/amineabbaoui/.m2/repository/org/mockito/mockito-junit-jupiter/5.7.0/mockito-junit-jupiter-5.7.0.jar:/Users/amineabbaoui/.m2/repository/org/skyscreamer/jsonassert/1.5.1/jsonassert-1.5.1.jar:/Users/amineabbaoui/.m2/repository/com/vaadin/external/google/android-json/0.0.20131108.vaadin1/android-json-0.0.20131108.vaadin1.jar:/Users/amineabbaoui/.m2/repository/org/springframework/spring-core/6.1.2/spring-core-6.1.2.jar:/Users/amineabbaoui/.m2/repository/org/springframework/spring-jcl/6.1.2/spring-jcl-6.1.2.jar:/Users/amineabbaoui/.m2/repository/org/springframework/spring-test/6.1.2/spring-test-6.1.2.jar:/Users/amineabbaoui/.m2/repository/org/xmlunit/xmlunit-core/2.9.1/xmlunit-core-2.9.1.jar:/Users/amineabbaoui/.m2/repository/org/springframework/security/spring-security-test/6.2.1/spring-security-test-6.2.1.jar:/Users/amineabbaoui/.m2/repository/org/springframework/security/spring-security-core/6.2.1/spring-security-core-6.2.1.jar:/Users/amineabbaoui/.m2/repository/org/springframework/security/spring-security-crypto/6.2.1/spring-security-crypto-6.2.1.jar:/Users/amineabbaoui/.m2/repository/io/jsonwebtoken/jjwt-api/0.11.5/jjwt-api-0.11.5.jar:/Users/amineabbaoui/.m2/repository/io/jsonwebtoken/jjwt-impl/0.11.5/jjwt-impl-0.11.5.jar:/Users/amineabbaoui/.m2/repository/io/jsonwebtoken/jjwt-jackson/0.11.5/jjwt-jackson-0.11.5.jar:/Users/amineabbaoui/.m2/repository/com/h2database/h2/2.2.224/h2-2.2.224.jar:/Users/amineabbaoui/.m2/repository/org/springframework/kafka/spring-kafka/3.1.3/spring-kafka-3.1.3.jar:/Users/amineabbaoui/.m2/repository/org/springframework/spring-context/6.1.2/spring-context-6.1.2.jar:/Users/amineabbaoui/.m2/repository/org/springframework/spring-messaging/6.1.2/spring-messaging-6.1.2.jar:/Users/amineabbaoui/.m2/repository/org/springframework/spring-tx/6.1.2/spring-tx-6.1.2.jar:/Users/amineabbaoui/.m2/repository/org/springframework/retry/spring-retry/2.0.5/spring-retry-2.0.5.jar:/Users/amineabbaoui/.m2/repository/org/apache/kafka/kafka-clients/3.6.1/kafka-clients-3.6.1.jar:/Users/amineabbaoui/.m2/repository/com/github/luben/zstd-jni/1.5.5-1/zstd-jni-1.5.5-1.jar:/Users/amineabbaoui/.m2/repository/org/lz4/lz4-java/1.8.0/lz4-java-1.8.0.jar:/Users/amineabbaoui/.m2/repository/org/xerial/snappy/snappy-java/1.1.10.5/snappy-java-1.1.10.5.jar:/Users/amineabbaoui/.m2/repository/io/micrometer/micrometer-observation/1.12.1/micrometer-observation-1.12.1.jar:/Users/amineabbaoui/.m2/repository/io/micrometer/micrometer-commons/1.12.1/micrometer-commons-1.12.1.jar:/Users/amineabbaoui/.m2/repository/com/google/code/findbugs/jsr305/3.0.2/jsr305-3.0.2.jar:/Users/amineabbaoui/.m2/repository/com/fasterxml/jackson/core/jackson-databind/2.15.2/jackson-databind-2.15.2.jar:/Users/amineabbaoui/.m2/repository/com/fasterxml/jackson/core/jackson-annotations/2.15.3/jackson-annotations-2.15.3.jar:/Users/amineabbaoui/.m2/repository/com/fasterxml/jackson/core/jackson-core/2.15.3/jackson-core-2.15.3.jar:/Users/amineabbaoui/.m2/repository/org/springframework/kafka/spring-kafka-test/3.1.1/spring-kafka-test-3.1.1.jar:/Users/amineabbaoui/.m2/repository/org/apache/zookeeper/zookeeper/3.8.3/zookeeper-3.8.3.jar:/Users/amineabbaoui/.m2/repository/org/apache/zookeeper/zookeeper-jute/3.8.3/zookeeper-jute-3.8.3.jar:/Users/amineabbaoui/.m2/repository/org/apache/yetus/audience-annotations/0.12.0/audience-annotations-0.12.0.jar:/Users/amineabbaoui/.m2/repository/io/netty/netty-handler/4.1.104.Final/netty-handler-4.1.104.Final.jar:/Users/amineabbaoui/.m2/repository/io/netty/netty-common/4.1.104.Final/netty-common-4.1.104.Final.jar:/Users/amineabbaoui/.m2/repository/io/netty/netty-resolver/4.1.104.Final/netty-resolver-4.1.104.Final.jar:/Users/amineabbaoui/.m2/repository/io/netty/netty-buffer/4.1.104.Final/netty-buffer-4.1.104.Final.jar:/Users/amineabbaoui/.m2/repository/io/netty/netty-transport/4.1.104.Final/netty-transport-4.1.104.Final.jar:/Users/amineabbaoui/.m2/repository/io/netty/netty-transport-native-unix-common/4.1.104.Final/netty-transport-native-unix-common-4.1.104.Final.jar:/Users/amineabbaoui/.m2/repository/io/netty/netty-codec/4.1.104.Final/netty-codec-4.1.104.Final.jar:/Users/amineabbaoui/.m2/repository/io/netty/netty-transport-native-epoll/4.1.104.Final/netty-transport-native-epoll-4.1.104.Final.jar:/Users/amineabbaoui/.m2/repository/io/netty/netty-transport-classes-epoll/4.1.104.Final/netty-transport-classes-epoll-4.1.104.Final.jar:/Users/amineabbaoui/.m2/repository/ch/qos/logback/logback-core/1.4.14/logback-core-1.4.14.jar:/Users/amineabbaoui/.m2/repository/ch/qos/logback/logback-classic/1.4.14/logback-classic-1.4.14.jar:/Users/amineabbaoui/.m2/repository/commons-io/commons-io/2.11.0/commons-io-2.11.0.jar:/Users/amineabbaoui/.m2/repository/org/apache/kafka/kafka-clients/3.6.1/kafka-clients-3.6.1-test.jar:/Users/amineabbaoui/.m2/repository/org/apache/kafka/kafka-metadata/3.6.1/kafka-metadata-3.6.1.jar:/Users/amineabbaoui/.m2/repository/org/apache/kafka/kafka-raft/3.6.1/kafka-raft-3.6.1.jar:/Users/amineabbaoui/.m2/repository/com/yammer/metrics/metrics-core/2.2.0/metrics-core-2.2.0.jar:/Users/amineabbaoui/.m2/repository/org/apache/kafka/kafka-server-common/3.6.1/kafka-server-common-3.6.1.jar:/Users/amineabbaoui/.m2/repository/net/sf/jopt-simple/jopt-simple/5.0.4/jopt-simple-5.0.4.jar:/Users/amineabbaoui/.m2/repository/org/pcollections/pcollections/4.0.1/pcollections-4.0.1.jar:/Users/amineabbaoui/.m2/repository/org/apache/kafka/kafka-server-common/3.6.1/kafka-server-common-3.6.1-test.jar:/Users/amineabbaoui/.m2/repository/org/apache/kafka/kafka-streams-test-utils/3.6.1/kafka-streams-test-utils-3.6.1.jar:/Users/amineabbaoui/.m2/repository/org/apache/kafka/kafka-streams/3.6.1/kafka-streams-3.6.1.jar:/Users/amineabbaoui/.m2/repository/org/rocksdb/rocksdbjni/7.9.2/rocksdbjni-7.9.2.jar:/Users/amineabbaoui/.m2/repository/org/apache/kafka/kafka_2.13/3.6.1/kafka_2.13-3.6.1.jar:/Users/amineabbaoui/.m2/repository/org/scala-lang/scala-library/2.13.11/scala-library-2.13.11.jar:/Users/amineabbaoui/.m2/repository/org/apache/kafka/kafka-group-coordinator/3.6.1/kafka-group-coordinator-3.6.1.jar:/Users/amineabbaoui/.m2/repository/org/apache/kafka/kafka-storage-api/3.6.1/kafka-storage-api-3.6.1.jar:/Users/amineabbaoui/.m2/repository/org/apache/kafka/kafka-tools-api/3.6.1/kafka-tools-api-3.6.1.jar:/Users/amineabbaoui/.m2/repository/org/apache/kafka/kafka-storage/3.6.1/kafka-storage-3.6.1.jar:/Users/amineabbaoui/.m2/repository/com/github/ben-manes/caffeine/caffeine/3.1.8/caffeine-3.1.8.jar:/Users/amineabbaoui/.m2/repository/org/checkerframework/checker-qual/3.37.0/checker-qual-3.37.0.jar:/Users/amineabbaoui/.m2/repository/com/google/errorprone/error_prone_annotations/2.21.1/error_prone_annotations-2.21.1.jar:/Users/amineabbaoui/.m2/repository/net/sourceforge/argparse4j/argparse4j/0.7.0/argparse4j-0.7.0.jar:/Users/amineabbaoui/.m2/repository/commons-validator/commons-validator/1.7/commons-validator-1.7.jar:/Users/amineabbaoui/.m2/repository/commons-beanutils/commons-beanutils/1.9.4/commons-beanutils-1.9.4.jar:/Users/amineabbaoui/.m2/repository/commons-digester/commons-digester/2.1/commons-digester-2.1.jar:/Users/amineabbaoui/.m2/repository/commons-collections/commons-collections/3.2.2/commons-collections-3.2.2.jar:/Users/amineabbaoui/.m2/repository/com/fasterxml/jackson/module/jackson-module-scala_2.13/2.15.3/jackson-module-scala_2.13-2.15.3.jar:/Users/amineabbaoui/.m2/repository/com/thoughtworks/paranamer/paranamer/2.8/paranamer-2.8.jar:/Users/amineabbaoui/.m2/repository/com/fasterxml/jackson/dataformat/jackson-dataformat-csv/2.15.3/jackson-dataformat-csv-2.15.3.jar:/Users/amineabbaoui/.m2/repository/org/bitbucket/b_c/jose4j/0.9.3/jose4j-0.9.3.jar:/Users/amineabbaoui/.m2/repository/org/scala-lang/modules/scala-collection-compat_2.13/2.10.0/scala-collection-compat_2.13-2.10.0.jar:/Users/amineabbaoui/.m2/repository/org/scala-lang/modules/scala-java8-compat_2.13/1.0.2/scala-java8-compat_2.13-1.0.2.jar:/Users/amineabbaoui/.m2/repository/org/scala-lang/scala-reflect/2.13.11/scala-reflect-2.13.11.jar:/Users/amineabbaoui/.m2/repository/com/typesafe/scala-logging/scala-logging_2.13/3.9.4/scala-logging_2.13-3.9.4.jar:/Users/amineabbaoui/.m2/repository/io/dropwizard/metrics/metrics-core/4.2.23/metrics-core-4.2.23.jar:/Users/amineabbaoui/.m2/repository/commons-cli/commons-cli/1.4/commons-cli-1.4.jar:/Users/amineabbaoui/.m2/repository/org/apache/kafka/kafka_2.13/3.6.1/kafka_2.13-3.6.1-test.jar:/Users/amineabbaoui/.m2/repository/org/junit/jupiter/junit-jupiter-api/5.10.1/junit-jupiter-api-5.10.1.jar:/Users/amineabbaoui/.m2/repository/org/opentest4j/opentest4j/1.3.0/opentest4j-1.3.0.jar:/Users/amineabbaoui/.m2/repository/org/junit/platform/junit-platform-commons/1.10.1/junit-platform-commons-1.10.1.jar:/Users/amineabbaoui/.m2/repository/org/apiguardian/apiguardian-api/1.1.2/apiguardian-api-1.1.2.jar:/Users/amineabbaoui/.m2/repository/org/junit/platform/junit-platform-launcher/1.10.1/junit-platform-launcher-1.10.1.jar:/Users/amineabbaoui/.m2/repository/org/junit/platform/junit-platform-engine/1.10.1/junit-platform-engine-1.10.1.jar:/Users/amineabbaoui/.m2/repository/org/awaitility/awaitility/4.2.0/awaitility-4.2.0.jar:/Users/amineabbaoui/.m2/repository/org/testcontainers/kafka/1.19.3/kafka-1.19.3.jar:/Users/amineabbaoui/.m2/repository/org/testcontainers/testcontainers/1.19.3/testcontainers-1.19.3.jar:/Users/amineabbaoui/.m2/repository/junit/junit/4.13.2/junit-4.13.2.jar:/Users/amineabbaoui/.m2/repository/org/hamcrest/hamcrest-core/2.2/hamcrest-core-2.2.jar:/Users/amineabbaoui/.m2/repository/org/apache/commons/commons-compress/1.24.0/commons-compress-1.24.0.jar:/Users/amineabbaoui/.m2/repository/org/rnorth/duct-tape/duct-tape/1.0.8/duct-tape-1.0.8.jar:/Users/amineabbaoui/.m2/repository/org/jetbrains/annotations/17.0.0/annotations-17.0.0.jar:/Users/amineabbaoui/.m2/repository/com/github/docker-java/docker-java-api/3.3.4/docker-java-api-3.3.4.jar:/Users/amineabbaoui/.m2/repository/com/github/docker-java/docker-java-transport-zerodep/3.3.4/docker-java-transport-zerodep-3.3.4.jar:/Users/amineabbaoui/.m2/repository/com/github/docker-java/docker-java-transport/3.3.4/docker-java-transport-3.3.4.jar:/Users/amineabbaoui/.m2/repository/net/java/dev/jna/jna/5.13.0/jna-5.13.0.jar:"/>
    <property name="sun.cpu.endian" value="little"/>
    <property name="user.home" value="/Users/amineabbaoui"/>
    <property name="user.language" value="en"/>
    <property name="java.specification.vendor" value="Oracle Corporation"/>
    <property name="spring.embedded.kafka.brokers" value="localhost:53208"/>
    <property name="java.version.date" value="2022-08-12"/>
    <property name="java.home" value="/Users/amineabbaoui/.sdkman/candidates/java/17.0.4.1-tem"/>
    <property name="file.separator" value="/"/>
    <property name="basedir" value="/Users/amineabbaoui/Documents/workspaces/amineabbaouiws/garagemanagerms"/>
    <property name="java.vm.compressedOopsMode" value="Zero based"/>
    <property name="line.separator" value="&#10;"/>
    <property name="java.vm.specification.vendor" value="Oracle Corporation"/>
    <property name="java.specification.name" value="Java Platform API Specification"/>
    <property name="FILE_LOG_CHARSET" value="UTF-8"/>
    <property name="java.awt.headless" value="true"/>
    <property name="surefire.real.class.path" value="/Users/amineabbaoui/Documents/workspaces/amineabbaouiws/garagemanagerms/target/surefire/surefirebooter-20250621210426367_3.jar"/>
    <property name="sun.management.compiler" value="HotSpot 64-Bit Tiered Compilers"/>
    <property name="ftp.nonProxyHosts" value="local|*.local|169.254/16|*.169.254/16"/>
    <property name="java.runtime.version" value="17.0.4.1+1"/>
    <property name="user.name" value="amineabbaoui"/>
    <property name="path.separator" value=":"/>
    <property name="os.version" value="15.0.1"/>
    <property name="java.runtime.name" value="OpenJDK Runtime Environment"/>
    <property name="file.encoding" value="UTF-8"/>
    <property name="java.vm.name" value="OpenJDK 64-Bit Server VM"/>
    <property name="java.vendor.version" value="Temurin-17.0.4.1+1"/>
    <property name="localRepository" value="/Users/amineabbaoui/.m2/repository"/>
    <property name="java.vendor.url.bug" value="https://github.com/adoptium/adoptium-support/issues"/>
    <property name="java.io.tmpdir" value="/var/folders/ph/gv4vgc5d17n07t_4t6_6bylh0000gn/T/"/>
    <property name="catalina.home" value="/private/var/folders/ph/gv4vgc5d17n07t_4t6_6bylh0000gn/T/tomcat.0.10962079741141653206"/>
    <property name="java.version" value="17.0.4.1"/>
    <property name="spring.kafka.bootstrap-servers" value="localhost:53208"/>
    <property name="user.dir" value="/Users/amineabbaoui/Documents/workspaces/amineabbaouiws/garagemanagerms"/>
    <property name="os.arch" value="aarch64"/>
    <property name="java.vm.specification.name" value="Java Virtual Machine Specification"/>
    <property name="PID" value="33435"/>
    <property name="CONSOLE_LOG_CHARSET" value="UTF-8"/>
    <property name="catalina.base" value="/private/var/folders/ph/gv4vgc5d17n07t_4t6_6bylh0000gn/T/tomcat.0.10962079741141653206"/>
    <property name="native.encoding" value="UTF-8"/>
    <property name="java.library.path" value="/Users/amineabbaoui/Library/Java/Extensions:/Library/Java/Extensions:/Network/Library/Java/Extensions:/System/Library/Java/Extensions:/usr/lib/java:."/>
    <property name="java.vm.info" value="mixed mode"/>
    <property name="java.vendor" value="Eclipse Adoptium"/>
    <property name="java.vm.version" value="17.0.4.1+1"/>
    <property name="sun.io.unicode.encoding" value="UnicodeBig"/>
    <property name="socksNonProxyHosts" value="local|*.local|169.254/16|*.169.254/16"/>
    <property name="java.class.version" value="61.0"/>
  </properties>
  <testcase name="shouldReturn400WhenInvalidAccessoryDataProvided" classname="com.renault.garage.controller.VehicleAccessoryControllerIntegrationTest" time="0.013">
    <system-out><![CDATA[2025-06-21T21:04:32.480+02:00  INFO 33435 --- [           main] t.c.s.AnnotationConfigContextLoaderUtils : Could not detect default configuration classes for test class [com.renault.garage.controller.VehicleAccessoryControllerIntegrationTest]: VehicleAccessoryControllerIntegrationTest does not declare any static, non-private, non-final, nested classes annotated with @Configuration.
2025-06-21T21:04:32.482+02:00  INFO 33435 --- [           main] .b.t.c.SpringBootTestContextBootstrapper : Found @SpringBootConfiguration com.renault.garage.GarageManagerApplication for test class com.renault.garage.controller.VehicleAccessoryControllerIntegrationTest

  .   ____          _            __ _ _
 /\\ / ___'_ __ _ _(_)_ __  __ _ \ \ \ \
( ( )\___ | '_ | '_| | '_ \/ _` | \ \ \ \
 \\/  ___)| |_)| | | | | || (_| |  ) ) ) )
  '  |____| .__|_| |_|_| |_\__, | / / / /
 =========|_|==============|___/=/_/_/_/
 :: Spring Boot ::                (v3.2.1)

2025-06-21T21:04:32.502+02:00  INFO 33435 --- [-kit-executor-1] kafka.server.ControllerServer            : Formatting /var/folders/ph/gv4vgc5d17n07t_4t6_6bylh0000gn/T/kafka-7346632563492694573/controller_0 with metadata.version 3.3-IV0.
2025-06-21T21:04:32.502+02:00  INFO 33435 --- [-kit-executor-2] kafka.server.ControllerServer            : [ControllerServer id=0] Starting controller
2025-06-21T21:04:32.502+02:00  INFO 33435 --- [-kit-executor-3] kafka.server.BrokerServer                : [BrokerServer id=0] Transition from SHUTDOWN to STARTING
2025-06-21T21:04:32.502+02:00  INFO 33435 --- [-kit-executor-3] kafka.server.SharedServer                : [SharedServer id=0] Starting SharedServer
2025-06-21T21:04:32.505+02:00  INFO 33435 --- [-kit-executor-3] kafka.log.UnifiedLog$                    : [LogLoader partition=__cluster_metadata-0, dir=/var/folders/ph/gv4vgc5d17n07t_4t6_6bylh0000gn/T/kafka-7346632563492694573/controller_0] Loading producer state till offset 0 with message format version 2
2025-06-21T21:04:32.505+02:00  INFO 33435 --- [-kit-executor-3] kafka.log.UnifiedLog$                    : [LogLoader partition=__cluster_metadata-0, dir=/var/folders/ph/gv4vgc5d17n07t_4t6_6bylh0000gn/T/kafka-7346632563492694573/controller_0] Reloading from producer snapshot and rebuilding producer state from offset 0
2025-06-21T21:04:32.505+02:00  INFO 33435 --- [-kit-executor-3] kafka.log.UnifiedLog$                    : [LogLoader partition=__cluster_metadata-0, dir=/var/folders/ph/gv4vgc5d17n07t_4t6_6bylh0000gn/T/kafka-7346632563492694573/controller_0] Producer state recovery took 0ms for snapshot load and 0ms for segment recovery from offset 0
2025-06-21T21:04:32.505+02:00  INFO 33435 --- [-kit-executor-3] kafka.raft.KafkaMetadataLog$             : Initialized snapshots with IDs SortedSet() from /var/folders/ph/gv4vgc5d17n07t_4t6_6bylh0000gn/T/kafka-7346632563492694573/controller_0/__cluster_metadata-0
2025-06-21T21:04:32.505+02:00  INFO 33435 --- [piration-reaper] ExpirationService$ExpiredOperationReaper : [raft-expiration-reaper]: Starting
2025-06-21T21:04:32.506+02:00  INFO 33435 --- [-kit-executor-2] kafka.network.ConnectionQuotas           : Updated connection-accept-rate max connection creation rate to 2147483647
2025-06-21T21:04:32.506+02:00  INFO 33435 --- [-kit-executor-2] kafka.network.DataPlaneAcceptor          : Awaiting socket connections on localhost:53207.
2025-06-21T21:04:32.506+02:00  INFO 33435 --- [-kit-executor-2] kafka.network.DataPlaneAcceptor          : Opened wildcard endpoint localhost:53207
2025-06-21T21:04:32.506+02:00  INFO 33435 --- [-kit-executor-2] kafka.network.SocketServer               : [SocketServer listenerType=CONTROLLER, nodeId=0] Created data-plane acceptor and processors for endpoint : ListenerName(CONTROLLER)
2025-06-21T21:04:32.520+02:00  INFO 33435 --- [-request-thread] kafka.raft.RaftSendThread                : [kafka-0-raft-outbound-request-thread]: Starting
2025-06-21T21:04:32.520+02:00  INFO 33435 --- [-raft-io-thread] k.raft.KafkaRaftManager$RaftIoThread     : [kafka-0-raft-io-thread]: Starting
2025-06-21T21:04:32.520+02:00  INFO 33435 --- [-kit-executor-3] kafka.server.BrokerServer                : [BrokerServer id=0] Starting broker
2025-06-21T21:04:32.520+02:00  INFO 33435 --- [-kit-executor-2] kafka.server.ControllerServer            : [ControllerServer id=0] Waiting for controller quorum voters future
2025-06-21T21:04:32.520+02:00  INFO 33435 --- [-kit-executor-2] kafka.server.ControllerServer            : [ControllerServer id=0] Finished waiting for controller quorum voters future
2025-06-21T21:04:32.521+02:00  INFO 33435 --- [nelReaper-Fetch] lientQuotaManager$ThrottledChannelReaper : [controller-0-ThrottledChannelReaper-Fetch]: Starting
2025-06-21T21:04:32.521+02:00  INFO 33435 --- [lReaper-Produce] lientQuotaManager$ThrottledChannelReaper : [controller-0-ThrottledChannelReaper-Produce]: Starting
2025-06-21T21:04:32.521+02:00  INFO 33435 --- [lReaper-Request] lientQuotaManager$ThrottledChannelReaper : [controller-0-ThrottledChannelReaper-Request]: Starting
2025-06-21T21:04:32.521+02:00  INFO 33435 --- [trollerMutation] lientQuotaManager$ThrottledChannelReaper : [controller-0-ThrottledChannelReaper-ControllerMutation]: Starting
2025-06-21T21:04:32.521+02:00  INFO 33435 --- [per-0-AlterAcls] perationPurgatory$ExpiredOperationReaper : [ExpirationReaper-0-AlterAcls]: Starting
2025-06-21T21:04:32.522+02:00  INFO 33435 --- [nelReaper-Fetch] lientQuotaManager$ThrottledChannelReaper : [broker-0-ThrottledChannelReaper-Fetch]: Starting
2025-06-21T21:04:32.522+02:00  INFO 33435 --- [lReaper-Produce] lientQuotaManager$ThrottledChannelReaper : [broker-0-ThrottledChannelReaper-Produce]: Starting
2025-06-21T21:04:32.522+02:00  INFO 33435 --- [-kit-executor-2] kafka.server.ControllerServer            : [ControllerServer id=0] Waiting for the controller metadata publishers to be installed
2025-06-21T21:04:32.522+02:00  INFO 33435 --- [-kit-executor-2] kafka.server.ControllerServer            : [ControllerServer id=0] Finished waiting for the controller metadata publishers to be installed
2025-06-21T21:04:32.522+02:00  INFO 33435 --- [lReaper-Request] lientQuotaManager$ThrottledChannelReaper : [broker-0-ThrottledChannelReaper-Request]: Starting
2025-06-21T21:04:32.522+02:00  INFO 33435 --- [-kit-executor-2] kafka.network.SocketServer               : [SocketServer listenerType=CONTROLLER, nodeId=0] Enabling request processing.
2025-06-21T21:04:32.522+02:00  INFO 33435 --- [trollerMutation] lientQuotaManager$ThrottledChannelReaper : [broker-0-ThrottledChannelReaper-ControllerMutation]: Starting
2025-06-21T21:04:32.522+02:00  INFO 33435 --- [-kit-executor-3] kafka.log.LogManager                     : Log directory /var/folders/ph/gv4vgc5d17n07t_4t6_6bylh0000gn/T/kafka-7346632563492694573/broker_0_data0 not found, creating it.
2025-06-21T21:04:32.522+02:00  INFO 33435 --- [-kit-executor-2] kafka.server.ControllerServer            : [ControllerServer id=0] Waiting for all of the authorizer futures to be completed
2025-06-21T21:04:32.522+02:00  INFO 33435 --- [-kit-executor-2] kafka.server.ControllerServer            : [ControllerServer id=0] Finished waiting for all of the authorizer futures to be completed
2025-06-21T21:04:32.522+02:00  INFO 33435 --- [-kit-executor-2] kafka.server.ControllerServer            : [ControllerServer id=0] Waiting for all of the SocketServer Acceptors to be started
2025-06-21T21:04:32.522+02:00  INFO 33435 --- [-kit-executor-2] kafka.server.ControllerServer            : [ControllerServer id=0] Finished waiting for all of the SocketServer Acceptors to be started
2025-06-21T21:04:32.524+02:00  WARN 33435 --- [0-event-handler] o.a.kafka.controller.QuorumController    : [QuorumController id=0] Performing controller activation. The metadata log appears to be empty. Appending 1 bootstrap record(s) in metadata transaction at metadata.version 3.6-IV2 from bootstrap source 'testkit'. Setting the ZK migration state to NONE since this is a de-novo KRaft cluster.
2025-06-21T21:04:32.525+02:00  INFO 33435 --- [-kit-executor-3] kafka.server.BrokerServer                : [BrokerServer id=0] Waiting for controller quorum voters future
2025-06-21T21:04:32.525+02:00  INFO 33435 --- [-kit-executor-3] kafka.server.BrokerServer                : [BrokerServer id=0] Finished waiting for controller quorum voters future
2025-06-21T21:04:32.525+02:00  INFO 33435 --- [channel-manager] k.s.BrokerToControllerRequestThread      : [broker-0-to-controller-forwarding-channel-manager]: Starting
2025-06-21T21:04:32.525+02:00  INFO 33435 --- [channel-manager] k.s.BrokerToControllerRequestThread      : [broker-0-to-controller-forwarding-channel-manager]: Recorded new controller, from now on will use node localhost:53207 (id: 0 rack: null)
2025-06-21T21:04:32.528+02:00  INFO 33435 --- [-kit-executor-3] kafka.network.ConnectionQuotas           : Updated connection-accept-rate max connection creation rate to 2147483647
2025-06-21T21:04:32.528+02:00  INFO 33435 --- [-kit-executor-3] kafka.network.DataPlaneAcceptor          : Awaiting socket connections on localhost:53208.
2025-06-21T21:04:32.528+02:00  INFO 33435 --- [-kit-executor-3] kafka.network.DataPlaneAcceptor          : Opened wildcard endpoint localhost:53208
2025-06-21T21:04:32.528+02:00  INFO 33435 --- [-kit-executor-3] kafka.network.SocketServer               : [SocketServer listenerType=BROKER, nodeId=0] Created data-plane acceptor and processors for endpoint : ListenerName(EXTERNAL)
2025-06-21T21:04:32.528+02:00  INFO 33435 --- [channel-manager] k.s.BrokerToControllerRequestThread      : [broker-0-to-controller-alter-partition-channel-manager]: Starting
2025-06-21T21:04:32.528+02:00  INFO 33435 --- [channel-manager] k.s.BrokerToControllerRequestThread      : [broker-0-to-controller-alter-partition-channel-manager]: Recorded new controller, from now on will use node localhost:53207 (id: 0 rack: null)
2025-06-21T21:04:32.529+02:00  INFO 33435 --- [eaper-0-Produce] perationPurgatory$ExpiredOperationReaper : [ExpirationReaper-0-Produce]: Starting
2025-06-21T21:04:32.529+02:00  INFO 33435 --- [nReaper-0-Fetch] perationPurgatory$ExpiredOperationReaper : [ExpirationReaper-0-Fetch]: Starting
2025-06-21T21:04:32.529+02:00  INFO 33435 --- [0-DeleteRecords] perationPurgatory$ExpiredOperationReaper : [ExpirationReaper-0-DeleteRecords]: Starting
2025-06-21T21:04:32.529+02:00  INFO 33435 --- [r-0-ElectLeader] perationPurgatory$ExpiredOperationReaper : [ExpirationReaper-0-ElectLeader]: Starting
2025-06-21T21:04:32.529+02:00  INFO 33435 --- [r-0-RemoteFetch] perationPurgatory$ExpiredOperationReaper : [ExpirationReaper-0-RemoteFetch]: Starting
2025-06-21T21:04:32.529+02:00  INFO 33435 --- [per-0-Heartbeat] perationPurgatory$ExpiredOperationReaper : [ExpirationReaper-0-Heartbeat]: Starting
2025-06-21T21:04:32.529+02:00  INFO 33435 --- [per-0-Rebalance] perationPurgatory$ExpiredOperationReaper : [ExpirationReaper-0-Rebalance]: Starting
2025-06-21T21:04:32.530+02:00  INFO 33435 --- [channel-manager] k.s.BrokerToControllerRequestThread      : [broker-0-to-controller-heartbeat-channel-manager]: Starting
2025-06-21T21:04:32.530+02:00  INFO 33435 --- [channel-manager] k.s.BrokerToControllerRequestThread      : [broker-0-to-controller-heartbeat-channel-manager]: Recorded new controller, from now on will use node localhost:53207 (id: 0 rack: null)
2025-06-21T21:04:32.530+02:00  INFO 33435 --- [r-event-handler] kafka.server.BrokerLifecycleManager      : [BrokerLifecycleManager id=0] Incarnation E1dghZ6TS6uGdpbvxCaH6w of broker 0 in cluster 584xosAXSWSkJq2UYu_OOA is now STARTING.
2025-06-21T21:04:32.530+02:00  INFO 33435 --- [per-0-AlterAcls] perationPurgatory$ExpiredOperationReaper : [ExpirationReaper-0-AlterAcls]: Starting
2025-06-21T21:04:32.531+02:00  INFO 33435 --- [-kit-executor-3] kafka.server.BrokerServer                : [BrokerServer id=0] Waiting for the broker metadata publishers to be installed
2025-06-21T21:04:32.531+02:00  INFO 33435 --- [-kit-executor-3] kafka.server.BrokerServer                : [BrokerServer id=0] Finished waiting for the broker metadata publishers to be installed
2025-06-21T21:04:32.531+02:00  INFO 33435 --- [-kit-executor-3] kafka.server.BrokerServer                : [BrokerServer id=0] Waiting for the controller to acknowledge that we are caught up
2025-06-21T21:04:32.531+02:00  INFO 33435 --- [r-event-handler] k.s.metadata.BrokerMetadataPublisher     : [BrokerMetadataPublisher id=0] Publishing initial metadata at offset OffsetAndEpoch(offset=0, epoch=1) with metadata.version 3.0-IV1.
2025-06-21T21:04:32.531+02:00  INFO 33435 --- [r-event-handler] kafka.log.LogManager                     : Loading logs from log dirs ArraySeq(/var/folders/ph/gv4vgc5d17n07t_4t6_6bylh0000gn/T/kafka-7346632563492694573/broker_0_data0)
2025-06-21T21:04:32.531+02:00  INFO 33435 --- [r-event-handler] kafka.log.LogManager                     : No logs found to be loaded in /var/folders/ph/gv4vgc5d17n07t_4t6_6bylh0000gn/T/kafka-7346632563492694573/broker_0_data0
2025-06-21T21:04:32.532+02:00  INFO 33435 --- [r-event-handler] kafka.log.LogManager                     : Loaded 0 logs in 1ms
2025-06-21T21:04:32.532+02:00  INFO 33435 --- [r-event-handler] kafka.log.LogManager                     : Starting log cleanup with a period of 300000 ms.
2025-06-21T21:04:32.532+02:00  INFO 33435 --- [r-event-handler] kafka.log.LogManager                     : Starting log flusher with a default period of 9223372036854775807 ms.
2025-06-21T21:04:32.532+02:00  INFO 33435 --- [r-event-handler] kafka.log.LogCleaner                     : Starting the log cleaner
2025-06-21T21:04:32.532+02:00  INFO 33435 --- [leaner-thread-0] kafka.log.LogCleaner$CleanerThread       : [kafka-log-cleaner-thread-0]: Starting
2025-06-21T21:04:32.532+02:00  INFO 33435 --- [rFailureHandler] k.s.ReplicaManager$LogDirFailureHandler  : [LogDirFailureHandler]: Starting
2025-06-21T21:04:32.532+02:00  INFO 33435 --- [nSenderThread-0] kafka.server.AddPartitionsToTxnManager   : [AddPartitionsToTxnSenderThread-0]: Starting
2025-06-21T21:04:32.532+02:00  INFO 33435 --- [r-event-handler] k.coordinator.group.GroupCoordinator     : [GroupCoordinator 0]: Starting up.
2025-06-21T21:04:32.532+02:00  INFO 33435 --- [r-event-handler] k.coordinator.group.GroupCoordinator     : [GroupCoordinator 0]: Startup complete.
2025-06-21T21:04:32.532+02:00  INFO 33435 --- [r-event-handler] k.c.transaction.TransactionCoordinator   : [TransactionCoordinator id=0] Starting up.
2025-06-21T21:04:32.532+02:00  INFO 33435 --- [r-event-handler] k.c.transaction.TransactionCoordinator   : [TransactionCoordinator id=0] Startup complete.
2025-06-21T21:04:32.532+02:00  INFO 33435 --- [rSenderThread-0] k.c.t.TransactionMarkerChannelManager    : [TxnMarkerSenderThread-0]: Starting
2025-06-21T21:04:32.555+02:00  INFO 33435 --- [r-event-handler] k.s.metadata.BrokerMetadataPublisher     : [BrokerMetadataPublisher id=0] Updating metadata.version to 14 at offset OffsetAndEpoch(offset=5, epoch=1).
2025-06-21T21:04:32.555+02:00  INFO 33435 --- [channel-manager] kafka.server.BrokerLifecycleManager      : [BrokerLifecycleManager id=0] Successfully registered broker 0 with broker epoch 5
2025-06-21T21:04:32.556+02:00  INFO 33435 --- [channel-manager] kafka.server.BrokerLifecycleManager      : [BrokerLifecycleManager id=0] The broker has caught up. Transitioning from STARTING to RECOVERY.
2025-06-21T21:04:32.556+02:00  INFO 33435 --- [-kit-executor-3] kafka.server.BrokerServer                : [BrokerServer id=0] Finished waiting for the controller to acknowledge that we are caught up
2025-06-21T21:04:32.556+02:00  INFO 33435 --- [-kit-executor-3] kafka.server.BrokerServer                : [BrokerServer id=0] Waiting for the initial broker metadata update to be published
2025-06-21T21:04:32.556+02:00  INFO 33435 --- [-kit-executor-3] kafka.server.BrokerServer                : [BrokerServer id=0] Finished waiting for the initial broker metadata update to be published
2025-06-21T21:04:32.556+02:00  INFO 33435 --- [-kit-executor-3] kafka.server.KafkaConfig                 : KafkaConfig values: 
	advertised.listeners = null
	alter.config.policy.class.name = null
	alter.log.dirs.replication.quota.window.num = 11
	alter.log.dirs.replication.quota.window.size.seconds = 1
	authorizer.class.name = 
	auto.create.topics.enable = true
	auto.include.jmx.reporter = true
	auto.leader.rebalance.enable = true
	background.threads = 10
	broker.heartbeat.interval.ms = 2000
	broker.id = 0
	broker.id.generation.enable = true
	broker.rack = null
	broker.session.timeout.ms = 9000
	client.quota.callback.class = null
	compression.type = producer
	connection.failed.authentication.delay.ms = 100
	connections.max.idle.ms = 600000
	connections.max.reauth.ms = 0
	control.plane.listener.name = null
	controlled.shutdown.enable = true
	controlled.shutdown.max.retries = 3
	controlled.shutdown.retry.backoff.ms = 5000
	controller.listener.names = CONTROLLER
	controller.quorum.append.linger.ms = 25
	controller.quorum.election.backoff.max.ms = 1000
	controller.quorum.election.timeout.ms = 1000
	controller.quorum.fetch.timeout.ms = 2000
	controller.quorum.request.timeout.ms = 2000
	controller.quorum.retry.backoff.ms = 20
	controller.quorum.voters = [0@0.0.0.0:0]
	controller.quota.window.num = 11
	controller.quota.window.size.seconds = 1
	controller.socket.timeout.ms = 30000
	create.topic.policy.class.name = null
	default.replication.factor = 1
	delegation.token.expiry.check.interval.ms = 3600000
	delegation.token.expiry.time.ms = 86400000
	delegation.token.master.key = null
	delegation.token.max.lifetime.ms = 604800000
	delegation.token.secret.key = null
	delete.records.purgatory.purge.interval.requests = 1
	delete.topic.enable = true
	early.start.listeners = null
	fetch.max.bytes = 57671680
	fetch.purgatory.purge.interval.requests = 1000
	group.consumer.assignors = [org.apache.kafka.coordinator.group.assignor.RangeAssignor]
	group.consumer.heartbeat.interval.ms = 5000
	group.consumer.max.heartbeat.interval.ms = 15000
	group.consumer.max.session.timeout.ms = 60000
	group.consumer.max.size = 2147483647
	group.consumer.min.heartbeat.interval.ms = 5000
	group.consumer.min.session.timeout.ms = 45000
	group.consumer.session.timeout.ms = 45000
	group.coordinator.new.enable = false
	group.coordinator.threads = 1
	group.initial.rebalance.delay.ms = 0
	group.max.session.timeout.ms = 1800000
	group.max.size = 2147483647
	group.min.session.timeout.ms = 6000
	initial.broker.registration.timeout.ms = 60000
	inter.broker.listener.name = EXTERNAL
	inter.broker.protocol.version = 3.6-IV2
	kafka.metrics.polling.interval.secs = 10
	kafka.metrics.reporters = []
	leader.imbalance.check.interval.seconds = 300
	leader.imbalance.per.broker.percentage = 10
	listener.security.protocol.map = EXTERNAL:PLAINTEXT,CONTROLLER:PLAINTEXT
	listeners = EXTERNAL://localhost:0,CONTROLLER://localhost:0
	log.cleaner.backoff.ms = 15000
	log.cleaner.dedupe.buffer.size = 2097152
	log.cleaner.delete.retention.ms = 86400000
	log.cleaner.enable = true
	log.cleaner.io.buffer.load.factor = 0.9
	log.cleaner.io.buffer.size = 524288
	log.cleaner.io.max.bytes.per.second = 1.7976931348623157E308
	log.cleaner.max.compaction.lag.ms = 9223372036854775807
	log.cleaner.min.cleanable.ratio = 0.5
	log.cleaner.min.compaction.lag.ms = 0
	log.cleaner.threads = 1
	log.cleanup.policy = [delete]
	log.dir = /tmp/kafka-logs
	log.dirs = /var/folders/ph/gv4vgc5d17n07t_4t6_6bylh0000gn/T/kafka-7346632563492694573/broker_0_data0
	log.flush.interval.messages = 9223372036854775807
	log.flush.interval.ms = null
	log.flush.offset.checkpoint.interval.ms = 60000
	log.flush.scheduler.interval.ms = 9223372036854775807
	log.flush.start.offset.checkpoint.interval.ms = 60000
	log.index.interval.bytes = 4096
	log.index.size.max.bytes = 10485760
	log.local.retention.bytes = -2
	log.local.retention.ms = -2
	log.message.downconversion.enable = true
	log.message.format.version = 3.0-IV1
	log.message.timestamp.after.max.ms = 9223372036854775807
	log.message.timestamp.before.max.ms = 9223372036854775807
	log.message.timestamp.difference.max.ms = 9223372036854775807
	log.message.timestamp.type = CreateTime
	log.preallocate = false
	log.retention.bytes = -1
	log.retention.check.interval.ms = 300000
	log.retention.hours = 168
	log.retention.minutes = null
	log.retention.ms = null
	log.roll.hours = 168
	log.roll.jitter.hours = 0
	log.roll.jitter.ms = null
	log.roll.ms = null
	log.segment.bytes = 1073741824
	log.segment.delete.delay.ms = 60000
	max.connection.creation.rate = 2147483647
	max.connections = 2147483647
	max.connections.per.ip = 2147483647
	max.connections.per.ip.overrides = 
	max.incremental.fetch.session.cache.slots = 1000
	message.max.bytes = 1048588
	metadata.log.dir = /var/folders/ph/gv4vgc5d17n07t_4t6_6bylh0000gn/T/kafka-7346632563492694573/controller_0
	metadata.log.max.record.bytes.between.snapshots = 20971520
	metadata.log.max.snapshot.interval.ms = 3600000
	metadata.log.segment.bytes = 1073741824
	metadata.log.segment.min.bytes = 8388608
	metadata.log.segment.ms = 604800000
	metadata.max.idle.interval.ms = 500
	metadata.max.retention.bytes = 104857600
	metadata.max.retention.ms = 604800000
	metric.reporters = []
	metrics.num.samples = 2
	metrics.recording.level = INFO
	metrics.sample.window.ms = 30000
	min.insync.replicas = 1
	node.id = 0
	num.io.threads = 8
	num.network.threads = 3
	num.partitions = 1
	num.recovery.threads.per.data.dir = 1
	num.replica.alter.log.dirs.threads = null
	num.replica.fetchers = 1
	offset.metadata.max.bytes = 4096
	offsets.commit.required.acks = -1
	offsets.commit.timeout.ms = 5000
	offsets.load.buffer.size = 5242880
	offsets.retention.check.interval.ms = 600000
	offsets.retention.minutes = 10080
	offsets.topic.compression.codec = 0
	offsets.topic.num.partitions = 50
	offsets.topic.replication.factor = 1
	offsets.topic.segment.bytes = 104857600
	password.encoder.cipher.algorithm = AES/CBC/PKCS5Padding
	password.encoder.iterations = 4096
	password.encoder.key.length = 128
	password.encoder.keyfactory.algorithm = null
	password.encoder.old.secret = null
	password.encoder.secret = null
	principal.builder.class = class org.apache.kafka.common.security.authenticator.DefaultKafkaPrincipalBuilder
	process.roles = [broker, controller]
	producer.id.expiration.check.interval.ms = 600000
	producer.id.expiration.ms = 86400000
	producer.purgatory.purge.interval.requests = 1000
	queued.max.request.bytes = -1
	queued.max.requests = 500
	quota.window.num = 11
	quota.window.size.seconds = 1
	remote.log.index.file.cache.total.size.bytes = 1073741824
	remote.log.manager.task.interval.ms = 30000
	remote.log.manager.task.retry.backoff.max.ms = 30000
	remote.log.manager.task.retry.backoff.ms = 500
	remote.log.manager.task.retry.jitter = 0.2
	remote.log.manager.thread.pool.size = 10
	remote.log.metadata.custom.metadata.max.bytes = 128
	remote.log.metadata.manager.class.name = org.apache.kafka.server.log.remote.metadata.storage.TopicBasedRemoteLogMetadataManager
	remote.log.metadata.manager.class.path = null
	remote.log.metadata.manager.impl.prefix = rlmm.config.
	remote.log.metadata.manager.listener.name = null
	remote.log.reader.max.pending.tasks = 100
	remote.log.reader.threads = 10
	remote.log.storage.manager.class.name = null
	remote.log.storage.manager.class.path = null
	remote.log.storage.manager.impl.prefix = rsm.config.
	remote.log.storage.system.enable = false
	replica.fetch.backoff.ms = 1000
	replica.fetch.max.bytes = 1048576
	replica.fetch.min.bytes = 1
	replica.fetch.response.max.bytes = 10485760
	replica.fetch.wait.max.ms = 500
	replica.high.watermark.checkpoint.interval.ms = 5000
	replica.lag.time.max.ms = 30000
	replica.selector.class = null
	replica.socket.receive.buffer.bytes = 65536
	replica.socket.timeout.ms = 30000
	replication.quota.window.num = 11
	replication.quota.window.size.seconds = 1
	request.timeout.ms = 30000
	reserved.broker.max.id = 1000
	sasl.client.callback.handler.class = null
	sasl.enabled.mechanisms = [GSSAPI]
	sasl.jaas.config = null
	sasl.kerberos.kinit.cmd = /usr/bin/kinit
	sasl.kerberos.min.time.before.relogin = 60000
	sasl.kerberos.principal.to.local.rules = [DEFAULT]
	sasl.kerberos.service.name = null
	sasl.kerberos.ticket.renew.jitter = 0.05
	sasl.kerberos.ticket.renew.window.factor = 0.8
	sasl.login.callback.handler.class = null
	sasl.login.class = null
	sasl.login.connect.timeout.ms = null
	sasl.login.read.timeout.ms = null
	sasl.login.refresh.buffer.seconds = 300
	sasl.login.refresh.min.period.seconds = 60
	sasl.login.refresh.window.factor = 0.8
	sasl.login.refresh.window.jitter = 0.05
	sasl.login.retry.backoff.max.ms = 10000
	sasl.login.retry.backoff.ms = 100
	sasl.mechanism.controller.protocol = GSSAPI
	sasl.mechanism.inter.broker.protocol = GSSAPI
	sasl.oauthbearer.clock.skew.seconds = 30
	sasl.oauthbearer.expected.audience = null
	sasl.oauthbearer.expected.issuer = null
	sasl.oauthbearer.jwks.endpoint.refresh.ms = 3600000
	sasl.oauthbearer.jwks.endpoint.retry.backoff.max.ms = 10000
	sasl.oauthbearer.jwks.endpoint.retry.backoff.ms = 100
	sasl.oauthbearer.jwks.endpoint.url = null
	sasl.oauthbearer.scope.claim.name = scope
	sasl.oauthbearer.sub.claim.name = sub
	sasl.oauthbearer.token.endpoint.url = null
	sasl.server.callback.handler.class = null
	sasl.server.max.receive.size = 524288
	security.inter.broker.protocol = PLAINTEXT
	security.providers = null
	server.max.startup.time.ms = 600000
	socket.connection.setup.timeout.max.ms = 30000
	socket.connection.setup.timeout.ms = 10000
	socket.listen.backlog.size = 50
	socket.receive.buffer.bytes = 102400
	socket.request.max.bytes = 104857600
	socket.send.buffer.bytes = 102400
	ssl.cipher.suites = []
	ssl.client.auth = none
	ssl.enabled.protocols = [TLSv1.2, TLSv1.3]
	ssl.endpoint.identification.algorithm = https
	ssl.engine.factory.class = null
	ssl.key.password = null
	ssl.keymanager.algorithm = SunX509
	ssl.keystore.certificate.chain = null
	ssl.keystore.key = null
	ssl.keystore.location = null
	ssl.keystore.password = null
	ssl.keystore.type = JKS
	ssl.principal.mapping.rules = DEFAULT
	ssl.protocol = TLSv1.3
	ssl.provider = null
	ssl.secure.random.implementation = null
	ssl.trustmanager.algorithm = PKIX
	ssl.truststore.certificates = null
	ssl.truststore.location = null
	ssl.truststore.password = null
	ssl.truststore.type = JKS
	transaction.abort.timed.out.transaction.cleanup.interval.ms = 10000
	transaction.max.timeout.ms = 900000
	transaction.partition.verification.enable = true
	transaction.remove.expired.transaction.cleanup.interval.ms = 3600000
	transaction.state.log.load.buffer.size = 5242880
	transaction.state.log.min.isr = 2
	transaction.state.log.num.partitions = 50
	transaction.state.log.replication.factor = 3
	transaction.state.log.segment.bytes = 104857600
	transactional.id.expiration.ms = 604800000
	unclean.leader.election.enable = false
	unstable.api.versions.enable = false
	zookeeper.clientCnxnSocket = null
	zookeeper.connect = null
	zookeeper.connection.timeout.ms = null
	zookeeper.max.in.flight.requests = 10
	zookeeper.metadata.migration.enable = false
	zookeeper.session.timeout.ms = 18000
	zookeeper.set.acl = false
	zookeeper.ssl.cipher.suites = null
	zookeeper.ssl.client.enable = false
	zookeeper.ssl.crl.enable = false
	zookeeper.ssl.enabled.protocols = null
	zookeeper.ssl.endpoint.identification.algorithm = HTTPS
	zookeeper.ssl.keystore.location = null
	zookeeper.ssl.keystore.password = null
	zookeeper.ssl.keystore.type = null
	zookeeper.ssl.ocsp.enable = false
	zookeeper.ssl.protocol = TLSv1.2
	zookeeper.ssl.truststore.location = null
	zookeeper.ssl.truststore.password = null
	zookeeper.ssl.truststore.type = null

2025-06-21T21:04:32.557+02:00  INFO 33435 --- [-kit-executor-3] kafka.server.BrokerServer                : [BrokerServer id=0] Waiting for the broker to be unfenced
2025-06-21T21:04:32.588+02:00  INFO 33435 --- [channel-manager] kafka.server.BrokerLifecycleManager      : [BrokerLifecycleManager id=0] The broker has been unfenced. Transitioning from RECOVERY to RUNNING.
2025-06-21T21:04:32.588+02:00  INFO 33435 --- [-kit-executor-3] kafka.server.BrokerServer                : [BrokerServer id=0] Finished waiting for the broker to be unfenced
2025-06-21T21:04:32.588+02:00  INFO 33435 --- [-kit-executor-3] kafka.network.SocketServer               : [SocketServer listenerType=BROKER, nodeId=0] Enabling request processing.
2025-06-21T21:04:32.588+02:00  INFO 33435 --- [-kit-executor-3] kafka.server.BrokerServer                : [BrokerServer id=0] Waiting for all of the authorizer futures to be completed
2025-06-21T21:04:32.588+02:00  INFO 33435 --- [-kit-executor-3] kafka.server.BrokerServer                : [BrokerServer id=0] Finished waiting for all of the authorizer futures to be completed
2025-06-21T21:04:32.588+02:00  INFO 33435 --- [-kit-executor-3] kafka.server.BrokerServer                : [BrokerServer id=0] Waiting for all of the SocketServer Acceptors to be started
2025-06-21T21:04:32.588+02:00  INFO 33435 --- [-kit-executor-3] kafka.server.BrokerServer                : [BrokerServer id=0] Finished waiting for all of the SocketServer Acceptors to be started
2025-06-21T21:04:32.588+02:00  INFO 33435 --- [-kit-executor-3] kafka.server.BrokerServer                : [BrokerServer id=0] Transition from STARTING to STARTED
2025-06-21T21:04:32.622+02:00  INFO 33435 --- [r-event-handler] state.change.logger                      : [Broker id=0] Transitioning 1 partition(s) to local leaders.
2025-06-21T21:04:32.622+02:00  INFO 33435 --- [r-event-handler] kafka.server.ReplicaFetcherManager       : [ReplicaFetcherManager on broker 0] Removed fetcher for partitions Set(vehicle-events-0)
2025-06-21T21:04:32.622+02:00  INFO 33435 --- [r-event-handler] state.change.logger                      : [Broker id=0] Creating new partition vehicle-events-0 with topic id 5DvafsYYRJWcM2RGKXZoEA.
2025-06-21T21:04:32.624+02:00  INFO 33435 --- [           main] ehicleAccessoryControllerIntegrationTest : Starting VehicleAccessoryControllerIntegrationTest using Java 17.0.4.1 with PID 33435 (started by amineabbaoui in /Users/amineabbaoui/Documents/workspaces/amineabbaouiws/garagemanagerms)
2025-06-21T21:04:32.624+02:00  INFO 33435 --- [           main] ehicleAccessoryControllerIntegrationTest : The following 1 profile is active: "test"
2025-06-21T21:04:32.626+02:00  INFO 33435 --- [r-event-handler] kafka.log.UnifiedLog$                    : [LogLoader partition=vehicle-events-0, dir=/var/folders/ph/gv4vgc5d17n07t_4t6_6bylh0000gn/T/kafka-7346632563492694573/broker_0_data0] Loading producer state till offset 0 with message format version 2
2025-06-21T21:04:32.626+02:00  INFO 33435 --- [r-event-handler] kafka.log.LogManager                     : Created log for partition vehicle-events-0 in /var/folders/ph/gv4vgc5d17n07t_4t6_6bylh0000gn/T/kafka-7346632563492694573/broker_0_data0/vehicle-events-0 with properties {}
2025-06-21T21:04:32.626+02:00  INFO 33435 --- [r-event-handler] kafka.cluster.Partition                  : [Partition vehicle-events-0 broker=0] No checkpointed highwatermark is found for partition vehicle-events-0
2025-06-21T21:04:32.626+02:00  INFO 33435 --- [r-event-handler] kafka.cluster.Partition                  : [Partition vehicle-events-0 broker=0] Log loaded for partition vehicle-events-0 with initial high watermark 0
2025-06-21T21:04:32.626+02:00  INFO 33435 --- [r-event-handler] state.change.logger                      : [Broker id=0] Leader vehicle-events-0 with topic id Some(5DvafsYYRJWcM2RGKXZoEA) starts at leader epoch 0 from offset 0 with partition epoch 0, high watermark 0, ISR [0], adding replicas [] and removing replicas [] . Previous leader None and previous leader epoch was -1.
2025-06-21T21:04:32.686+02:00  INFO 33435 --- [           main] .s.d.r.c.RepositoryConfigurationDelegate : Bootstrapping Spring Data JPA repositories in DEFAULT mode.
2025-06-21T21:04:32.691+02:00  INFO 33435 --- [           main] .s.d.r.c.RepositoryConfigurationDelegate : Finished Spring Data repository scanning in 5 ms. Found 4 JPA repository interfaces.
2025-06-21T21:04:32.703+02:00  INFO 33435 --- [           main] beddedDataSourceBeanFactoryPostProcessor : Replacing 'dataSource' DataSource bean with embedded version
2025-06-21T21:04:32.713+02:00  INFO 33435 --- [           main] o.s.j.d.e.EmbeddedDatabaseFactory        : Starting embedded database: url='jdbc:h2:mem:7a22befd-20b6-449f-89a8-239379ec07cb;DB_CLOSE_DELAY=-1;DB_CLOSE_ON_EXIT=false', username='sa'
2025-06-21T21:04:32.718+02:00  INFO 33435 --- [           main] o.hibernate.jpa.internal.util.LogHelper  : HHH000204: Processing PersistenceUnitInfo [name: default]
2025-06-21T21:04:32.719+02:00  INFO 33435 --- [           main] o.h.c.internal.RegionFactoryInitiator    : HHH000026: Second-level cache disabled
2025-06-21T21:04:32.720+02:00  INFO 33435 --- [           main] o.s.o.j.p.SpringPersistenceUnitInfo      : No LoadTimeWeaver setup: ignoring JPA class transformer
2025-06-21T21:04:32.721+02:00  WARN 33435 --- [           main] org.hibernate.orm.deprecation            : HHH90000025: H2Dialect does not need to be specified explicitly using 'hibernate.dialect' (remove the property setting and it will be selected by default)
2025-06-21T21:04:32.758+02:00  INFO 33435 --- [           main] o.h.e.t.j.p.i.JtaPlatformInitiator       : HHH000489: No JTA platform available (set 'hibernate.transaction.jta.platform' to enable JTA platform integration)
2025-06-21T21:04:32.758+02:00 DEBUG 33435 --- [           main] org.hibernate.SQL                        : 
    drop table if exists accessory cascade 
Hibernate: 
    drop table if exists accessory cascade 
2025-06-21T21:04:32.758+02:00 DEBUG 33435 --- [           main] org.hibernate.SQL                        : 
    drop table if exists garage_opening_hours cascade 
Hibernate: 
    drop table if exists garage_opening_hours cascade 
2025-06-21T21:04:32.758+02:00 DEBUG 33435 --- [           main] org.hibernate.SQL                        : 
    drop table if exists garages cascade 
Hibernate: 
    drop table if exists garages cascade 
2025-06-21T21:04:32.758+02:00 DEBUG 33435 --- [           main] org.hibernate.SQL                        : 
    drop table if exists garage_vehicle cascade 
Hibernate: 
    drop table if exists garage_vehicle cascade 
2025-06-21T21:04:32.759+02:00 DEBUG 33435 --- [           main] org.hibernate.SQL                        : 
    drop table if exists opening_time cascade 
Hibernate: 
    drop table if exists opening_time cascade 
2025-06-21T21:04:32.759+02:00 DEBUG 33435 --- [           main] org.hibernate.SQL                        : 
    drop table if exists vehicle_accessory cascade 
Hibernate: 
    drop table if exists vehicle_accessory cascade 
2025-06-21T21:04:32.759+02:00 DEBUG 33435 --- [           main] org.hibernate.SQL                        : 
    drop table if exists vehicles cascade 
Hibernate: 
    drop table if exists vehicles cascade 
2025-06-21T21:04:32.759+02:00 DEBUG 33435 --- [           main] org.hibernate.SQL                        : 
    create table accessory (
        price numeric(10,2) not null,
        id bigint generated by default as identity,
        type varchar(50) not null,
        name varchar(100) not null,
        description TEXT,
        primary key (id)
    )
Hibernate: 
    create table accessory (
        price numeric(10,2) not null,
        id bigint generated by default as identity,
        type varchar(50) not null,
        name varchar(100) not null,
        description TEXT,
        primary key (id)
    )
2025-06-21T21:04:32.759+02:00 DEBUG 33435 --- [           main] org.hibernate.SQL                        : 
    create table garage_opening_hours (
        garage_id bigint,
        id bigint generated by default as identity,
        day_of_week varchar(255) check (day_of_week in ('MONDAY','TUESDAY','WEDNESDAY','THURSDAY','FRIDAY','SATURDAY','SUNDAY')),
        primary key (id)
    )
Hibernate: 
    create table garage_opening_hours (
        garage_id bigint,
        id bigint generated by default as identity,
        day_of_week varchar(255) check (day_of_week in ('MONDAY','TUESDAY','WEDNESDAY','THURSDAY','FRIDAY','SATURDAY','SUNDAY')),
        primary key (id)
    )
2025-06-21T21:04:32.760+02:00 DEBUG 33435 --- [           main] org.hibernate.SQL                        : 
    create table garages (
        id bigint generated by default as identity,
        address varchar(255),
        email varchar(255),
        name varchar(255),
        phone varchar(255),
        primary key (id)
    )
Hibernate: 
    create table garages (
        id bigint generated by default as identity,
        address varchar(255),
        email varchar(255),
        name varchar(255),
        phone varchar(255),
        primary key (id)
    )
2025-06-21T21:04:32.760+02:00 DEBUG 33435 --- [           main] org.hibernate.SQL                        : 
    create table garage_vehicle (
        quantity integer,
        garage_id bigint,
        id bigint generated by default as identity,
        vehicle_id bigint,
        primary key (id)
    )
Hibernate: 
    create table garage_vehicle (
        quantity integer,
        garage_id bigint,
        id bigint generated by default as identity,
        vehicle_id bigint,
        primary key (id)
    )
2025-06-21T21:04:32.760+02:00 DEBUG 33435 --- [           main] org.hibernate.SQL                        : 
    create table opening_time (
        end_time time(6),
        start_time time(6),
        garage_opening_hours_id bigint,
        id bigint generated by default as identity,
        primary key (id)
    )
Hibernate: 
    create table opening_time (
        end_time time(6),
        start_time time(6),
        garage_opening_hours_id bigint,
        id bigint generated by default as identity,
        primary key (id)
    )
2025-06-21T21:04:32.760+02:00 DEBUG 33435 --- [           main] org.hibernate.SQL                        : 
    create table vehicle_accessory (
        accessory_id bigint not null,
        vehicle_id bigint not null
    )
Hibernate: 
    create table vehicle_accessory (
        accessory_id bigint not null,
        vehicle_id bigint not null
    )
2025-06-21T21:04:32.760+02:00 DEBUG 33435 --- [           main] org.hibernate.SQL                        : 
    create table vehicles (
        manufacture_year integer,
        id bigint generated by default as identity,
        fuel_type varchar(20) check (fuel_type in ('GASOLINE','DIESEL','ELECTRIC','HYBRID')),
        brand varchar(50) not null,
        primary key (id)
    )
Hibernate: 
    create table vehicles (
        manufacture_year integer,
        id bigint generated by default as identity,
        fuel_type varchar(20) check (fuel_type in ('GASOLINE','DIESEL','ELECTRIC','HYBRID')),
        brand varchar(50) not null,
        primary key (id)
    )
2025-06-21T21:04:32.761+02:00 DEBUG 33435 --- [           main] org.hibernate.SQL                        : 
    alter table if exists garage_opening_hours 
       add constraint FKj5wy0ghg0k5sw73brpkvkynyw 
       foreign key (garage_id) 
       references garages
Hibernate: 
    alter table if exists garage_opening_hours 
       add constraint FKj5wy0ghg0k5sw73brpkvkynyw 
       foreign key (garage_id) 
       references garages
2025-06-21T21:04:32.761+02:00 DEBUG 33435 --- [           main] org.hibernate.SQL                        : 
    alter table if exists garage_vehicle 
       add constraint FK3o91rujofd1fqfbj0miyumlkv 
       foreign key (garage_id) 
       references garages
Hibernate: 
    alter table if exists garage_vehicle 
       add constraint FK3o91rujofd1fqfbj0miyumlkv 
       foreign key (garage_id) 
       references garages
2025-06-21T21:04:32.762+02:00 DEBUG 33435 --- [           main] org.hibernate.SQL                        : 
    alter table if exists garage_vehicle 
       add constraint FKbjb4aflviat2ykxkkt8iy56i4 
       foreign key (vehicle_id) 
       references vehicles
Hibernate: 
    alter table if exists garage_vehicle 
       add constraint FKbjb4aflviat2ykxkkt8iy56i4 
       foreign key (vehicle_id) 
       references vehicles
2025-06-21T21:04:32.762+02:00 DEBUG 33435 --- [           main] org.hibernate.SQL                        : 
    alter table if exists opening_time 
       add constraint FK4s7yw8xeqkve1w0wsx5akxxnx 
       foreign key (garage_opening_hours_id) 
       references garage_opening_hours
Hibernate: 
    alter table if exists opening_time 
       add constraint FK4s7yw8xeqkve1w0wsx5akxxnx 
       foreign key (garage_opening_hours_id) 
       references garage_opening_hours
2025-06-21T21:04:32.762+02:00 DEBUG 33435 --- [           main] org.hibernate.SQL                        : 
    alter table if exists vehicle_accessory 
       add constraint FKan29jc8ycm08s1h8dr47exhm 
       foreign key (accessory_id) 
       references accessory
Hibernate: 
    alter table if exists vehicle_accessory 
       add constraint FKan29jc8ycm08s1h8dr47exhm 
       foreign key (accessory_id) 
       references accessory
2025-06-21T21:04:32.763+02:00 DEBUG 33435 --- [           main] org.hibernate.SQL                        : 
    alter table if exists vehicle_accessory 
       add constraint FKilh1gtw77ojgish4w5jyf3rl9 
       foreign key (vehicle_id) 
       references vehicles
Hibernate: 
    alter table if exists vehicle_accessory 
       add constraint FKilh1gtw77ojgish4w5jyf3rl9 
       foreign key (vehicle_id) 
       references vehicles
2025-06-21T21:04:32.763+02:00  INFO 33435 --- [           main] j.LocalContainerEntityManagerFactoryBean : Initialized JPA EntityManagerFactory for persistence unit 'default'
2025-06-21T21:04:32.809+02:00  WARN 33435 --- [           main] JpaBaseConfiguration$JpaWebConfiguration : spring.jpa.open-in-view is enabled by default. Therefore, database queries may be performed during view rendering. Explicitly configure spring.jpa.open-in-view to disable this warning
2025-06-21T21:04:32.812+02:00  WARN 33435 --- [           main] .s.s.UserDetailsServiceAutoConfiguration : 

Using generated security password: 376e7c21-1bbe-41ab-b798-4ee366883d23

This generated password is for development use only. Your security configuration must be updated before running your application in production.

2025-06-21T21:04:32.835+02:00  INFO 33435 --- [           main] o.s.s.web.DefaultSecurityFilterChain     : Will secure any request with [org.springframework.security.web.session.DisableEncodeUrlFilter@76b24f7b, org.springframework.security.web.context.request.async.WebAsyncManagerIntegrationFilter@2b0bd16b, org.springframework.security.web.context.SecurityContextHolderFilter@1688ac20, org.springframework.security.web.header.HeaderWriterFilter@5785b1b7, org.springframework.web.filter.CorsFilter@71ddaf54, org.springframework.security.web.authentication.logout.LogoutFilter@33937eb, org.springframework.security.web.authentication.www.BasicAuthenticationFilter@3c7eb170, org.springframework.security.web.savedrequest.RequestCacheAwareFilter@e5b7ed0, org.springframework.security.web.servletapi.SecurityContextHolderAwareRequestFilter@2af17c97, org.springframework.security.web.authentication.AnonymousAuthenticationFilter@3861652e, org.springframework.security.web.access.ExceptionTranslationFilter@34220581, org.springframework.security.web.access.intercept.AuthorizationFilter@7775af39]
2025-06-21T21:04:32.869+02:00  INFO 33435 --- [           main] ehicleAccessoryControllerIntegrationTest : Started VehicleAccessoryControllerIntegrationTest in 0.386 seconds (process running for 6.455)
2025-06-21T21:04:32.870+02:00  INFO 33435 --- [quest-handler-2] k.s.DefaultAutoTopicCreationManager      : Sent auto-creation request for Set(__consumer_offsets) to the active controller.
2025-06-21T21:04:32.871+02:00  INFO 33435 --- [           main] o.s.b.t.m.w.SpringBootMockServletContext : Initializing Spring TestDispatcherServlet ''
2025-06-21T21:04:32.871+02:00  INFO 33435 --- [           main] o.s.t.web.servlet.TestDispatcherServlet  : Initializing Servlet ''
2025-06-21T21:04:32.871+02:00  INFO 33435 --- [           main] o.s.t.web.servlet.TestDispatcherServlet  : Completed initialization in 0 ms
2025-06-21T21:04:32.872+02:00 DEBUG 33435 --- [           main] org.hibernate.SQL                        : 
    insert 
    into
        garages
        (address, email, name, phone, id) 
    values
        (?, ?, ?, ?, default)
Hibernate: 
    insert 
    into
        garages
        (address, email, name, phone, id) 
    values
        (?, ?, ?, ?, default)
2025-06-21T21:04:32.873+02:00 DEBUG 33435 --- [           main] org.hibernate.SQL                        : 
    insert 
    into
        vehicles
        (brand, fuel_type, manufacture_year, id) 
    values
        (?, ?, ?, default)
Hibernate: 
    insert 
    into
        vehicles
        (brand, fuel_type, manufacture_year, id) 
    values
        (?, ?, ?, default)
2025-06-21T21:04:32.874+02:00 DEBUG 33435 --- [           main] org.hibernate.SQL                        : 
    insert 
    into
        garage_vehicle
        (garage_id, quantity, vehicle_id, id) 
    values
        (?, ?, ?, default)
Hibernate: 
    insert 
    into
        garage_vehicle
        (garage_id, quantity, vehicle_id, id) 
    values
        (?, ?, ?, default)
2025-06-21T21:04:32.881+02:00 ERROR 33435 --- [           main] c.r.g.exception.GlobalExceptionHandler   : Validation failed: type: Type is required, price: Price is required, name: Name is required

org.springframework.web.bind.MethodArgumentNotValidException: Validation failed for argument [1] in public org.springframework.http.ResponseEntity<com.renault.garage.dto.AccessoryDTO> com.renault.garage.controller.VehicleAccessoryController.addAccessoryToVehicle(java.lang.Long,com.renault.garage.dto.AccessoryDTO) with 3 errors: [Field error in object 'accessoryDTO' on field 'type': rejected value [null]; codes [NotBlank.accessoryDTO.type,NotBlank.type,NotBlank.java.lang.String,NotBlank]; arguments [org.springframework.context.support.DefaultMessageSourceResolvable: codes [accessoryDTO.type,type]; arguments []; default message [type]]; default message [Type is required]] [Field error in object 'accessoryDTO' on field 'price': rejected value [null]; codes [NotNull.accessoryDTO.price,NotNull.price,NotNull.java.math.BigDecimal,NotNull]; arguments [org.springframework.context.support.DefaultMessageSourceResolvable: codes [accessoryDTO.price,price]; arguments []; default message [price]]; default message [Price is required]] [Field error in object 'accessoryDTO' on field 'name': rejected value []; codes [NotBlank.accessoryDTO.name,NotBlank.name,NotBlank.java.lang.String,NotBlank]; arguments [org.springframework.context.support.DefaultMessageSourceResolvable: codes [accessoryDTO.name,name]; arguments []; default message [name]]; default message [Name is required]] 
	at org.springframework.web.servlet.mvc.method.annotation.RequestResponseBodyMethodProcessor.resolveArgument(RequestResponseBodyMethodProcessor.java:143) ~[spring-webmvc-6.1.2.jar:6.1.2]
	at org.springframework.web.method.support.HandlerMethodArgumentResolverComposite.resolveArgument(HandlerMethodArgumentResolverComposite.java:122) ~[spring-web-6.1.2.jar:6.1.2]
	at org.springframework.web.method.support.InvocableHandlerMethod.getMethodArgumentValues(InvocableHandlerMethod.java:226) ~[spring-web-6.1.2.jar:6.1.2]
	at org.springframework.web.method.support.InvocableHandlerMethod.invokeForRequest(InvocableHandlerMethod.java:179) ~[spring-web-6.1.2.jar:6.1.2]
	at org.springframework.web.servlet.mvc.method.annotation.ServletInvocableHandlerMethod.invokeAndHandle(ServletInvocableHandlerMethod.java:118) ~[spring-webmvc-6.1.2.jar:6.1.2]
	at org.springframework.web.servlet.mvc.method.annotation.RequestMappingHandlerAdapter.invokeHandlerMethod(RequestMappingHandlerAdapter.java:917) ~[spring-webmvc-6.1.2.jar:6.1.2]
	at org.springframework.web.servlet.mvc.method.annotation.RequestMappingHandlerAdapter.handleInternal(RequestMappingHandlerAdapter.java:829) ~[spring-webmvc-6.1.2.jar:6.1.2]
	at org.springframework.web.servlet.mvc.method.AbstractHandlerMethodAdapter.handle(AbstractHandlerMethodAdapter.java:87) ~[spring-webmvc-6.1.2.jar:6.1.2]
	at org.springframework.web.servlet.DispatcherServlet.doDispatch(DispatcherServlet.java:1089) ~[spring-webmvc-6.1.2.jar:6.1.2]
	at org.springframework.web.servlet.DispatcherServlet.doService(DispatcherServlet.java:979) ~[spring-webmvc-6.1.2.jar:6.1.2]
	at org.springframework.web.servlet.FrameworkServlet.processRequest(FrameworkServlet.java:1014) ~[spring-webmvc-6.1.2.jar:6.1.2]
	at org.springframework.web.servlet.FrameworkServlet.doPost(FrameworkServlet.java:914) ~[spring-webmvc-6.1.2.jar:6.1.2]
	at jakarta.servlet.http.HttpServlet.service(HttpServlet.java:590) ~[tomcat-embed-core-10.1.17.jar:6.0]
	at org.springframework.web.servlet.FrameworkServlet.service(FrameworkServlet.java:885) ~[spring-webmvc-6.1.2.jar:6.1.2]
	at org.springframework.test.web.servlet.TestDispatcherServlet.service(TestDispatcherServlet.java:72) ~[spring-test-6.1.2.jar:6.1.2]
	at jakarta.servlet.http.HttpServlet.service(HttpServlet.java:658) ~[tomcat-embed-core-10.1.17.jar:6.0]
	at org.springframework.mock.web.MockFilterChain$ServletFilterProxy.doFilter(MockFilterChain.java:165) ~[spring-test-6.1.2.jar:6.1.2]
	at org.springframework.mock.web.MockFilterChain.doFilter(MockFilterChain.java:132) ~[spring-test-6.1.2.jar:6.1.2]
	at org.springframework.test.web.servlet.MockMvc.perform(MockMvc.java:201) ~[spring-test-6.1.2.jar:6.1.2]
	at com.renault.garage.controller.VehicleAccessoryControllerIntegrationTest.shouldReturn400WhenInvalidAccessoryDataProvided(VehicleAccessoryControllerIntegrationTest.java:171) ~[test-classes/:na]
	at java.base/jdk.internal.reflect.NativeMethodAccessorImpl.invoke0(Native Method) ~[na:na]
	at java.base/jdk.internal.reflect.NativeMethodAccessorImpl.invoke(NativeMethodAccessorImpl.java:77) ~[na:na]
	at java.base/jdk.internal.reflect.DelegatingMethodAccessorImpl.invoke(DelegatingMethodAccessorImpl.java:43) ~[na:na]
	at java.base/java.lang.reflect.Method.invoke(Method.java:568) ~[na:na]
	at org.junit.platform.commons.util.ReflectionUtils.invokeMethod(ReflectionUtils.java:728) ~[junit-platform-commons-1.10.1.jar:1.10.1]
	at org.junit.jupiter.engine.execution.MethodInvocation.proceed(MethodInvocation.java:60) ~[junit-jupiter-engine-5.10.1.jar:5.10.1]
	at org.junit.jupiter.engine.execution.InvocationInterceptorChain$ValidatingInvocation.proceed(InvocationInterceptorChain.java:131) ~[junit-jupiter-engine-5.10.1.jar:5.10.1]
	at org.junit.jupiter.engine.extension.TimeoutExtension.intercept(TimeoutExtension.java:156) ~[junit-jupiter-engine-5.10.1.jar:5.10.1]
	at org.junit.jupiter.engine.extension.TimeoutExtension.interceptTestableMethod(TimeoutExtension.java:147) ~[junit-jupiter-engine-5.10.1.jar:5.10.1]
	at org.junit.jupiter.engine.extension.TimeoutExtension.interceptTestMethod(TimeoutExtension.java:86) ~[junit-jupiter-engine-5.10.1.jar:5.10.1]
	at org.junit.jupiter.engine.execution.InterceptingExecutableInvoker$ReflectiveInterceptorCall.lambda$ofVoidMethod$0(InterceptingExecutableInvoker.java:103) ~[junit-jupiter-engine-5.10.1.jar:5.10.1]
	at org.junit.jupiter.engine.execution.InterceptingExecutableInvoker.lambda$invoke$0(InterceptingExecutableInvoker.java:93) ~[junit-jupiter-engine-5.10.1.jar:5.10.1]
	at org.junit.jupiter.engine.execution.InvocationInterceptorChain$InterceptedInvocation.proceed(InvocationInterceptorChain.java:106) ~[junit-jupiter-engine-5.10.1.jar:5.10.1]
	at org.junit.jupiter.engine.execution.InvocationInterceptorChain.proceed(InvocationInterceptorChain.java:64) ~[junit-jupiter-engine-5.10.1.jar:5.10.1]
	at org.junit.jupiter.engine.execution.InvocationInterceptorChain.chainAndInvoke(InvocationInterceptorChain.java:45) ~[junit-jupiter-engine-5.10.1.jar:5.10.1]
	at org.junit.jupiter.engine.execution.InvocationInterceptorChain.invoke(InvocationInterceptorChain.java:37) ~[junit-jupiter-engine-5.10.1.jar:5.10.1]
	at org.junit.jupiter.engine.execution.InterceptingExecutableInvoker.invoke(InterceptingExecutableInvoker.java:92) ~[junit-jupiter-engine-5.10.1.jar:5.10.1]
	at org.junit.jupiter.engine.execution.InterceptingExecutableInvoker.invoke(InterceptingExecutableInvoker.java:86) ~[junit-jupiter-engine-5.10.1.jar:5.10.1]
	at org.junit.jupiter.engine.descriptor.TestMethodTestDescriptor.lambda$invokeTestMethod$7(TestMethodTestDescriptor.java:218) ~[junit-jupiter-engine-5.10.1.jar:5.10.1]
	at org.junit.platform.engine.support.hierarchical.ThrowableCollector.execute(ThrowableCollector.java:73) ~[junit-platform-engine-1.10.1.jar:1.10.1]
	at org.junit.jupiter.engine.descriptor.TestMethodTestDescriptor.invokeTestMethod(TestMethodTestDescriptor.java:214) ~[junit-jupiter-engine-5.10.1.jar:5.10.1]
	at org.junit.jupiter.engine.descriptor.TestMethodTestDescriptor.execute(TestMethodTestDescriptor.java:139) ~[junit-jupiter-engine-5.10.1.jar:5.10.1]
	at org.junit.jupiter.engine.descriptor.TestMethodTestDescriptor.execute(TestMethodTestDescriptor.java:69) ~[junit-jupiter-engine-5.10.1.jar:5.10.1]
	at org.junit.platform.engine.support.hierarchical.NodeTestTask.lambda$executeRecursively$6(NodeTestTask.java:151) ~[junit-platform-engine-1.10.1.jar:1.10.1]
	at org.junit.platform.engine.support.hierarchical.ThrowableCollector.execute(ThrowableCollector.java:73) ~[junit-platform-engine-1.10.1.jar:1.10.1]
	at org.junit.platform.engine.support.hierarchical.NodeTestTask.lambda$executeRecursively$8(NodeTestTask.java:141) ~[junit-platform-engine-1.10.1.jar:1.10.1]
	at org.junit.platform.engine.support.hierarchical.Node.around(Node.java:137) ~[junit-platform-engine-1.10.1.jar:1.10.1]
	at org.junit.platform.engine.support.hierarchical.NodeTestTask.lambda$executeRecursively$9(NodeTestTask.java:139) ~[junit-platform-engine-1.10.1.jar:1.10.1]
	at org.junit.platform.engine.support.hierarchical.ThrowableCollector.execute(ThrowableCollector.java:73) ~[junit-platform-engine-1.10.1.jar:1.10.1]
	at org.junit.platform.engine.support.hierarchical.NodeTestTask.executeRecursively(NodeTestTask.java:138) ~[junit-platform-engine-1.10.1.jar:1.10.1]
	at org.junit.platform.engine.support.hierarchical.NodeTestTask.execute(NodeTestTask.java:95) ~[junit-platform-engine-1.10.1.jar:1.10.1]
	at java.base/java.util.ArrayList.forEach(ArrayList.java:1511) ~[na:na]
	at org.junit.platform.engine.support.hierarchical.SameThreadHierarchicalTestExecutorService.invokeAll(SameThreadHierarchicalTestExecutorService.java:41) ~[junit-platform-engine-1.10.1.jar:1.10.1]
	at org.junit.platform.engine.support.hierarchical.NodeTestTask.lambda$executeRecursively$6(NodeTestTask.java:155) ~[junit-platform-engine-1.10.1.jar:1.10.1]
	at org.junit.platform.engine.support.hierarchical.ThrowableCollector.execute(ThrowableCollector.java:73) ~[junit-platform-engine-1.10.1.jar:1.10.1]
	at org.junit.platform.engine.support.hierarchical.NodeTestTask.lambda$executeRecursively$8(NodeTestTask.java:141) ~[junit-platform-engine-1.10.1.jar:1.10.1]
	at org.junit.platform.engine.support.hierarchical.Node.around(Node.java:137) ~[junit-platform-engine-1.10.1.jar:1.10.1]
	at org.junit.platform.engine.support.hierarchical.NodeTestTask.lambda$executeRecursively$9(NodeTestTask.java:139) ~[junit-platform-engine-1.10.1.jar:1.10.1]
	at org.junit.platform.engine.support.hierarchical.ThrowableCollector.execute(ThrowableCollector.java:73) ~[junit-platform-engine-1.10.1.jar:1.10.1]
	at org.junit.platform.engine.support.hierarchical.NodeTestTask.executeRecursively(NodeTestTask.java:138) ~[junit-platform-engine-1.10.1.jar:1.10.1]
	at org.junit.platform.engine.support.hierarchical.NodeTestTask.execute(NodeTestTask.java:95) ~[junit-platform-engine-1.10.1.jar:1.10.1]
	at java.base/java.util.ArrayList.forEach(ArrayList.java:1511) ~[na:na]
	at org.junit.platform.engine.support.hierarchical.SameThreadHierarchicalTestExecutorService.invokeAll(SameThreadHierarchicalTestExecutorService.java:41) ~[junit-platform-engine-1.10.1.jar:1.10.1]
	at org.junit.platform.engine.support.hierarchical.NodeTestTask.lambda$executeRecursively$6(NodeTestTask.java:155) ~[junit-platform-engine-1.10.1.jar:1.10.1]
	at org.junit.platform.engine.support.hierarchical.ThrowableCollector.execute(ThrowableCollector.java:73) ~[junit-platform-engine-1.10.1.jar:1.10.1]
	at org.junit.platform.engine.support.hierarchical.NodeTestTask.lambda$executeRecursively$8(NodeTestTask.java:141) ~[junit-platform-engine-1.10.1.jar:1.10.1]
	at org.junit.platform.engine.support.hierarchical.Node.around(Node.java:137) ~[junit-platform-engine-1.10.1.jar:1.10.1]
	at org.junit.platform.engine.support.hierarchical.NodeTestTask.lambda$executeRecursively$9(NodeTestTask.java:139) ~[junit-platform-engine-1.10.1.jar:1.10.1]
	at org.junit.platform.engine.support.hierarchical.ThrowableCollector.execute(ThrowableCollector.java:73) ~[junit-platform-engine-1.10.1.jar:1.10.1]
	at org.junit.platform.engine.support.hierarchical.NodeTestTask.executeRecursively(NodeTestTask.java:138) ~[junit-platform-engine-1.10.1.jar:1.10.1]
	at org.junit.platform.engine.support.hierarchical.NodeTestTask.execute(NodeTestTask.java:95) ~[junit-platform-engine-1.10.1.jar:1.10.1]
	at org.junit.platform.engine.support.hierarchical.SameThreadHierarchicalTestExecutorService.submit(SameThreadHierarchicalTestExecutorService.java:35) ~[junit-platform-engine-1.10.1.jar:1.10.1]
	at org.junit.platform.engine.support.hierarchical.HierarchicalTestExecutor.execute(HierarchicalTestExecutor.java:57) ~[junit-platform-engine-1.10.1.jar:1.10.1]
	at org.junit.platform.engine.support.hierarchical.HierarchicalTestEngine.execute(HierarchicalTestEngine.java:54) ~[junit-platform-engine-1.10.1.jar:1.10.1]
	at org.junit.platform.launcher.core.EngineExecutionOrchestrator.execute(EngineExecutionOrchestrator.java:198) ~[junit-platform-launcher-1.10.1.jar:1.10.1]
	at org.junit.platform.launcher.core.EngineExecutionOrchestrator.execute(EngineExecutionOrchestrator.java:169) ~[junit-platform-launcher-1.10.1.jar:1.10.1]
	at org.junit.platform.launcher.core.EngineExecutionOrchestrator.execute(EngineExecutionOrchestrator.java:93) ~[junit-platform-launcher-1.10.1.jar:1.10.1]
	at org.junit.platform.launcher.core.EngineExecutionOrchestrator.lambda$execute$0(EngineExecutionOrchestrator.java:58) ~[junit-platform-launcher-1.10.1.jar:1.10.1]
	at org.junit.platform.launcher.core.EngineExecutionOrchestrator.withInterceptedStreams(EngineExecutionOrchestrator.java:141) ~[junit-platform-launcher-1.10.1.jar:1.10.1]
	at org.junit.platform.launcher.core.EngineExecutionOrchestrator.execute(EngineExecutionOrchestrator.java:57) ~[junit-platform-launcher-1.10.1.jar:1.10.1]
	at org.junit.platform.launcher.core.DefaultLauncher.execute(DefaultLauncher.java:103) ~[junit-platform-launcher-1.10.1.jar:1.10.1]
	at org.junit.platform.launcher.core.DefaultLauncher.execute(DefaultLauncher.java:85) ~[junit-platform-launcher-1.10.1.jar:1.10.1]
	at org.junit.platform.launcher.core.DelegatingLauncher.execute(DelegatingLauncher.java:47) ~[junit-platform-launcher-1.10.1.jar:1.10.1]
	at org.apache.maven.surefire.junitplatform.LazyLauncher.execute(LazyLauncher.java:56) ~[surefire-junit-platform-3.1.2.jar:3.1.2]
	at org.apache.maven.surefire.junitplatform.JUnitPlatformProvider.execute(JUnitPlatformProvider.java:184) ~[surefire-junit-platform-3.1.2.jar:3.1.2]
	at org.apache.maven.surefire.junitplatform.JUnitPlatformProvider.invokeAllTests(JUnitPlatformProvider.java:148) ~[surefire-junit-platform-3.1.2.jar:3.1.2]
	at org.apache.maven.surefire.junitplatform.JUnitPlatformProvider.invoke(JUnitPlatformProvider.java:122) ~[surefire-junit-platform-3.1.2.jar:3.1.2]
	at org.apache.maven.surefire.booter.ForkedBooter.runSuitesInProcess(ForkedBooter.java:385) ~[surefire-booter-3.1.2.jar:3.1.2]
	at org.apache.maven.surefire.booter.ForkedBooter.execute(ForkedBooter.java:162) ~[surefire-booter-3.1.2.jar:3.1.2]
	at org.apache.maven.surefire.booter.ForkedBooter.run(ForkedBooter.java:507) ~[surefire-booter-3.1.2.jar:3.1.2]
	at org.apache.maven.surefire.booter.ForkedBooter.main(ForkedBooter.java:495) ~[surefire-booter-3.1.2.jar:3.1.2]

]]></system-out>
  </testcase>
  <testcase name="shouldRemoveAccessoryFromVehicleWhenValidIdsProvided" classname="com.renault.garage.controller.VehicleAccessoryControllerIntegrationTest" time="0.005">
    <system-out><![CDATA[2025-06-21T21:04:32.884+02:00  INFO 33435 --- [           main] o.s.b.t.m.w.SpringBootMockServletContext : Initializing Spring TestDispatcherServlet ''
2025-06-21T21:04:32.884+02:00  INFO 33435 --- [           main] o.s.t.web.servlet.TestDispatcherServlet  : Initializing Servlet ''
2025-06-21T21:04:32.885+02:00  INFO 33435 --- [           main] o.s.t.web.servlet.TestDispatcherServlet  : Completed initialization in 1 ms
2025-06-21T21:04:32.885+02:00 DEBUG 33435 --- [           main] org.hibernate.SQL                        : 
    insert 
    into
        garages
        (address, email, name, phone, id) 
    values
        (?, ?, ?, ?, default)
Hibernate: 
    insert 
    into
        garages
        (address, email, name, phone, id) 
    values
        (?, ?, ?, ?, default)
2025-06-21T21:04:32.886+02:00 DEBUG 33435 --- [           main] org.hibernate.SQL                        : 
    insert 
    into
        vehicles
        (brand, fuel_type, manufacture_year, id) 
    values
        (?, ?, ?, default)
Hibernate: 
    insert 
    into
        vehicles
        (brand, fuel_type, manufacture_year, id) 
    values
        (?, ?, ?, default)
2025-06-21T21:04:32.886+02:00 DEBUG 33435 --- [           main] org.hibernate.SQL                        : 
    insert 
    into
        garage_vehicle
        (garage_id, quantity, vehicle_id, id) 
    values
        (?, ?, ?, default)
Hibernate: 
    insert 
    into
        garage_vehicle
        (garage_id, quantity, vehicle_id, id) 
    values
        (?, ?, ?, default)
2025-06-21T21:04:32.887+02:00 DEBUG 33435 --- [           main] org.hibernate.SQL                        : 
    insert 
    into
        accessory
        (description, name, price, type, id) 
    values
        (?, ?, ?, ?, default)
Hibernate: 
    insert 
    into
        accessory
        (description, name, price, type, id) 
    values
        (?, ?, ?, ?, default)
]]></system-out>
  </testcase>
  <testcase name="shouldReturnEmptyListWhenNoAccessoriesFoundForVehicle" classname="com.renault.garage.controller.VehicleAccessoryControllerIntegrationTest" time="0.009">
    <system-out><![CDATA[2025-06-21T21:04:32.890+02:00  INFO 33435 --- [           main] o.s.b.t.m.w.SpringBootMockServletContext : Initializing Spring TestDispatcherServlet ''
2025-06-21T21:04:32.890+02:00  INFO 33435 --- [           main] o.s.t.web.servlet.TestDispatcherServlet  : Initializing Servlet ''
2025-06-21T21:04:32.890+02:00  INFO 33435 --- [           main] o.s.t.web.servlet.TestDispatcherServlet  : Completed initialization in 0 ms
2025-06-21T21:04:32.890+02:00 DEBUG 33435 --- [           main] org.hibernate.SQL                        : 
    insert 
    into
        garages
        (address, email, name, phone, id) 
    values
        (?, ?, ?, ?, default)
Hibernate: 
    insert 
    into
        garages
        (address, email, name, phone, id) 
    values
        (?, ?, ?, ?, default)
2025-06-21T21:04:32.891+02:00 DEBUG 33435 --- [           main] org.hibernate.SQL                        : 
    insert 
    into
        vehicles
        (brand, fuel_type, manufacture_year, id) 
    values
        (?, ?, ?, default)
Hibernate: 
    insert 
    into
        vehicles
        (brand, fuel_type, manufacture_year, id) 
    values
        (?, ?, ?, default)
2025-06-21T21:04:32.891+02:00 DEBUG 33435 --- [           main] org.hibernate.SQL                        : 
    insert 
    into
        garage_vehicle
        (garage_id, quantity, vehicle_id, id) 
    values
        (?, ?, ?, default)
Hibernate: 
    insert 
    into
        garage_vehicle
        (garage_id, quantity, vehicle_id, id) 
    values
        (?, ?, ?, default)
2025-06-21T21:04:32.893+02:00 DEBUG 33435 --- [           main] org.hibernate.SQL                        : 
    select
        count(*) 
    from
        vehicles v1_0 
    where
        v1_0.id=?
Hibernate: 
    select
        count(*) 
    from
        vehicles v1_0 
    where
        v1_0.id=?
2025-06-21T21:04:32.895+02:00 DEBUG 33435 --- [           main] org.hibernate.SQL                        : 
    select
        a1_0.id,
        a1_0.description,
        a1_0.name,
        a1_0.price,
        a1_0.type 
    from
        accessory a1_0 
    join
        vehicle_accessory v1_0 
            on a1_0.id=v1_0.accessory_id 
    where
        v1_0.vehicle_id=?
Hibernate: 
    select
        a1_0.id,
        a1_0.description,
        a1_0.name,
        a1_0.price,
        a1_0.type 
    from
        accessory a1_0 
    join
        vehicle_accessory v1_0 
            on a1_0.id=v1_0.accessory_id 
    where
        v1_0.vehicle_id=?
]]></system-out>
  </testcase>
  <testcase name="shouldReturn404WhenVehicleNotFoundForAddingAccessory" classname="com.renault.garage.controller.VehicleAccessoryControllerIntegrationTest" time="0.007">
    <system-out><![CDATA[2025-06-21T21:04:32.899+02:00  INFO 33435 --- [           main] o.s.b.t.m.w.SpringBootMockServletContext : Initializing Spring TestDispatcherServlet ''
2025-06-21T21:04:32.899+02:00  INFO 33435 --- [           main] o.s.t.web.servlet.TestDispatcherServlet  : Initializing Servlet ''
2025-06-21T21:04:32.899+02:00  INFO 33435 --- [           main] o.s.t.web.servlet.TestDispatcherServlet  : Completed initialization in 0 ms
2025-06-21T21:04:32.899+02:00 DEBUG 33435 --- [           main] org.hibernate.SQL                        : 
    insert 
    into
        garages
        (address, email, name, phone, id) 
    values
        (?, ?, ?, ?, default)
Hibernate: 
    insert 
    into
        garages
        (address, email, name, phone, id) 
    values
        (?, ?, ?, ?, default)
2025-06-21T21:04:32.900+02:00 DEBUG 33435 --- [           main] org.hibernate.SQL                        : 
    insert 
    into
        vehicles
        (brand, fuel_type, manufacture_year, id) 
    values
        (?, ?, ?, default)
Hibernate: 
    insert 
    into
        vehicles
        (brand, fuel_type, manufacture_year, id) 
    values
        (?, ?, ?, default)
2025-06-21T21:04:32.900+02:00 DEBUG 33435 --- [           main] org.hibernate.SQL                        : 
    insert 
    into
        garage_vehicle
        (garage_id, quantity, vehicle_id, id) 
    values
        (?, ?, ?, default)
Hibernate: 
    insert 
    into
        garage_vehicle
        (garage_id, quantity, vehicle_id, id) 
    values
        (?, ?, ?, default)
2025-06-21T21:04:32.901+02:00  INFO 33435 --- [r-event-handler] state.change.logger                      : [Broker id=0] Transitioning 50 partition(s) to local leaders.
2025-06-21T21:04:32.901+02:00  INFO 33435 --- [r-event-handler] kafka.server.ReplicaFetcherManager       : [ReplicaFetcherManager on broker 0] Removed fetcher for partitions Set(__consumer_offsets-13, __consumer_offsets-46, __consumer_offsets-9, __consumer_offsets-42, __consumer_offsets-21, __consumer_offsets-17, __consumer_offsets-30, __consumer_offsets-26, __consumer_offsets-5, __consumer_offsets-38, __consumer_offsets-1, __consumer_offsets-34, __consumer_offsets-16, __consumer_offsets-45, __consumer_offsets-12, __consumer_offsets-41, __consumer_offsets-24, __consumer_offsets-20, __consumer_offsets-49, __consumer_offsets-0, __consumer_offsets-29, __consumer_offsets-25, __consumer_offsets-8, __consumer_offsets-37, __consumer_offsets-4, __consumer_offsets-33, __consumer_offsets-15, __consumer_offsets-48, __consumer_offsets-11, __consumer_offsets-44, __consumer_offsets-23, __consumer_offsets-19, __consumer_offsets-32, __consumer_offsets-28, __consumer_offsets-7, __consumer_offsets-40, __consumer_offsets-3, __consumer_offsets-36, __consumer_offsets-47, __consumer_offsets-14, __consumer_offsets-43, __consumer_offsets-10, __consumer_offsets-22, __consumer_offsets-18, __consumer_offsets-31, __consumer_offsets-27, __consumer_offsets-39, __consumer_offsets-6, __consumer_offsets-35, __consumer_offsets-2)
2025-06-21T21:04:32.901+02:00  INFO 33435 --- [r-event-handler] state.change.logger                      : [Broker id=0] Creating new partition __consumer_offsets-13 with topic id eS-AxSGRSOmbpXJGYe6FJQ.
2025-06-21T21:04:32.903+02:00 DEBUG 33435 --- [           main] org.hibernate.SQL                        : 
    select
        v1_0.id,
        v1_0.brand,
        v1_0.fuel_type,
        v1_0.manufacture_year 
    from
        vehicles v1_0 
    where
        v1_0.id=?
Hibernate: 
    select
        v1_0.id,
        v1_0.brand,
        v1_0.fuel_type,
        v1_0.manufacture_year 
    from
        vehicles v1_0 
    where
        v1_0.id=?
2025-06-21T21:04:32.903+02:00 ERROR 33435 --- [           main] c.r.g.exception.GlobalExceptionHandler   : Vehicle not found with id: 999

com.renault.garage.exception.VehicleNotFoundException: error.vehicle_not_found
	at com.renault.garage.service.impl.AccessoryServiceImpl.lambda$addAccessoryToVehicle$0(AccessoryServiceImpl.java:36) ~[classes/:na]
	at java.base/java.util.Optional.orElseThrow(Optional.java:403) ~[na:na]
	at com.renault.garage.service.impl.AccessoryServiceImpl.addAccessoryToVehicle(AccessoryServiceImpl.java:36) ~[classes/:na]
	at java.base/jdk.internal.reflect.NativeMethodAccessorImpl.invoke0(Native Method) ~[na:na]
	at java.base/jdk.internal.reflect.NativeMethodAccessorImpl.invoke(NativeMethodAccessorImpl.java:77) ~[na:na]
	at java.base/jdk.internal.reflect.DelegatingMethodAccessorImpl.invoke(DelegatingMethodAccessorImpl.java:43) ~[na:na]
	at java.base/java.lang.reflect.Method.invoke(Method.java:568) ~[na:na]
	at org.springframework.aop.support.AopUtils.invokeJoinpointUsingReflection(AopUtils.java:352) ~[spring-aop-6.1.2.jar:6.1.2]
	at org.springframework.aop.framework.ReflectiveMethodInvocation.invokeJoinpoint(ReflectiveMethodInvocation.java:196) ~[spring-aop-6.1.2.jar:6.1.2]
	at org.springframework.aop.framework.ReflectiveMethodInvocation.proceed(ReflectiveMethodInvocation.java:163) ~[spring-aop-6.1.2.jar:6.1.2]
	at org.springframework.aop.framework.CglibAopProxy$CglibMethodInvocation.proceed(CglibAopProxy.java:765) ~[spring-aop-6.1.2.jar:6.1.2]
	at org.springframework.transaction.interceptor.TransactionInterceptor$1.proceedWithInvocation(TransactionInterceptor.java:123) ~[spring-tx-6.1.2.jar:6.1.2]
	at org.springframework.transaction.interceptor.TransactionAspectSupport.invokeWithinTransaction(TransactionAspectSupport.java:385) ~[spring-tx-6.1.2.jar:6.1.2]
	at org.springframework.transaction.interceptor.TransactionInterceptor.invoke(TransactionInterceptor.java:119) ~[spring-tx-6.1.2.jar:6.1.2]
	at org.springframework.aop.framework.ReflectiveMethodInvocation.proceed(ReflectiveMethodInvocation.java:184) ~[spring-aop-6.1.2.jar:6.1.2]
	at org.springframework.aop.framework.CglibAopProxy$CglibMethodInvocation.proceed(CglibAopProxy.java:765) ~[spring-aop-6.1.2.jar:6.1.2]
	at org.springframework.aop.framework.CglibAopProxy$DynamicAdvisedInterceptor.intercept(CglibAopProxy.java:717) ~[spring-aop-6.1.2.jar:6.1.2]
	at com.renault.garage.service.impl.AccessoryServiceImpl$$SpringCGLIB$$0.addAccessoryToVehicle(<generated>) ~[classes/:na]
	at com.renault.garage.controller.VehicleAccessoryController.addAccessoryToVehicle(VehicleAccessoryController.java:25) ~[classes/:na]
	at java.base/jdk.internal.reflect.NativeMethodAccessorImpl.invoke0(Native Method) ~[na:na]
	at java.base/jdk.internal.reflect.NativeMethodAccessorImpl.invoke(NativeMethodAccessorImpl.java:77) ~[na:na]
	at java.base/jdk.internal.reflect.DelegatingMethodAccessorImpl.invoke(DelegatingMethodAccessorImpl.java:43) ~[na:na]
	at java.base/java.lang.reflect.Method.invoke(Method.java:568) ~[na:na]
	at org.springframework.web.method.support.InvocableHandlerMethod.doInvoke(InvocableHandlerMethod.java:262) ~[spring-web-6.1.2.jar:6.1.2]
	at org.springframework.web.method.support.InvocableHandlerMethod.invokeForRequest(InvocableHandlerMethod.java:190) ~[spring-web-6.1.2.jar:6.1.2]
	at org.springframework.web.servlet.mvc.method.annotation.ServletInvocableHandlerMethod.invokeAndHandle(ServletInvocableHandlerMethod.java:118) ~[spring-webmvc-6.1.2.jar:6.1.2]
	at org.springframework.web.servlet.mvc.method.annotation.RequestMappingHandlerAdapter.invokeHandlerMethod(RequestMappingHandlerAdapter.java:917) ~[spring-webmvc-6.1.2.jar:6.1.2]
	at org.springframework.web.servlet.mvc.method.annotation.RequestMappingHandlerAdapter.handleInternal(RequestMappingHandlerAdapter.java:829) ~[spring-webmvc-6.1.2.jar:6.1.2]
	at org.springframework.web.servlet.mvc.method.AbstractHandlerMethodAdapter.handle(AbstractHandlerMethodAdapter.java:87) ~[spring-webmvc-6.1.2.jar:6.1.2]
	at org.springframework.web.servlet.DispatcherServlet.doDispatch(DispatcherServlet.java:1089) ~[spring-webmvc-6.1.2.jar:6.1.2]
	at org.springframework.web.servlet.DispatcherServlet.doService(DispatcherServlet.java:979) ~[spring-webmvc-6.1.2.jar:6.1.2]
	at org.springframework.web.servlet.FrameworkServlet.processRequest(FrameworkServlet.java:1014) ~[spring-webmvc-6.1.2.jar:6.1.2]
	at org.springframework.web.servlet.FrameworkServlet.doPost(FrameworkServlet.java:914) ~[spring-webmvc-6.1.2.jar:6.1.2]
	at jakarta.servlet.http.HttpServlet.service(HttpServlet.java:590) ~[tomcat-embed-core-10.1.17.jar:6.0]
	at org.springframework.web.servlet.FrameworkServlet.service(FrameworkServlet.java:885) ~[spring-webmvc-6.1.2.jar:6.1.2]
	at org.springframework.test.web.servlet.TestDispatcherServlet.service(TestDispatcherServlet.java:72) ~[spring-test-6.1.2.jar:6.1.2]
	at jakarta.servlet.http.HttpServlet.service(HttpServlet.java:658) ~[tomcat-embed-core-10.1.17.jar:6.0]
	at org.springframework.mock.web.MockFilterChain$ServletFilterProxy.doFilter(MockFilterChain.java:165) ~[spring-test-6.1.2.jar:6.1.2]
	at org.springframework.mock.web.MockFilterChain.doFilter(MockFilterChain.java:132) ~[spring-test-6.1.2.jar:6.1.2]
	at org.springframework.test.web.servlet.MockMvc.perform(MockMvc.java:201) ~[spring-test-6.1.2.jar:6.1.2]
	at com.renault.garage.controller.VehicleAccessoryControllerIntegrationTest.shouldReturn404WhenVehicleNotFoundForAddingAccessory(VehicleAccessoryControllerIntegrationTest.java:158) ~[test-classes/:na]
	at java.base/jdk.internal.reflect.NativeMethodAccessorImpl.invoke0(Native Method) ~[na:na]
	at java.base/jdk.internal.reflect.NativeMethodAccessorImpl.invoke(NativeMethodAccessorImpl.java:77) ~[na:na]
	at java.base/jdk.internal.reflect.DelegatingMethodAccessorImpl.invoke(DelegatingMethodAccessorImpl.java:43) ~[na:na]
	at java.base/java.lang.reflect.Method.invoke(Method.java:568) ~[na:na]
	at org.junit.platform.commons.util.ReflectionUtils.invokeMethod(ReflectionUtils.java:728) ~[junit-platform-commons-1.10.1.jar:1.10.1]
	at org.junit.jupiter.engine.execution.MethodInvocation.proceed(MethodInvocation.java:60) ~[junit-jupiter-engine-5.10.1.jar:5.10.1]
	at org.junit.jupiter.engine.execution.InvocationInterceptorChain$ValidatingInvocation.proceed(InvocationInterceptorChain.java:131) ~[junit-jupiter-engine-5.10.1.jar:5.10.1]
	at org.junit.jupiter.engine.extension.TimeoutExtension.intercept(TimeoutExtension.java:156) ~[junit-jupiter-engine-5.10.1.jar:5.10.1]
	at org.junit.jupiter.engine.extension.TimeoutExtension.interceptTestableMethod(TimeoutExtension.java:147) ~[junit-jupiter-engine-5.10.1.jar:5.10.1]
	at org.junit.jupiter.engine.extension.TimeoutExtension.interceptTestMethod(TimeoutExtension.java:86) ~[junit-jupiter-engine-5.10.1.jar:5.10.1]
	at org.junit.jupiter.engine.execution.InterceptingExecutableInvoker$ReflectiveInterceptorCall.lambda$ofVoidMethod$0(InterceptingExecutableInvoker.java:103) ~[junit-jupiter-engine-5.10.1.jar:5.10.1]
	at org.junit.jupiter.engine.execution.InterceptingExecutableInvoker.lambda$invoke$0(InterceptingExecutableInvoker.java:93) ~[junit-jupiter-engine-5.10.1.jar:5.10.1]
	at org.junit.jupiter.engine.execution.InvocationInterceptorChain$InterceptedInvocation.proceed(InvocationInterceptorChain.java:106) ~[junit-jupiter-engine-5.10.1.jar:5.10.1]
	at org.junit.jupiter.engine.execution.InvocationInterceptorChain.proceed(InvocationInterceptorChain.java:64) ~[junit-jupiter-engine-5.10.1.jar:5.10.1]
	at org.junit.jupiter.engine.execution.InvocationInterceptorChain.chainAndInvoke(InvocationInterceptorChain.java:45) ~[junit-jupiter-engine-5.10.1.jar:5.10.1]
	at org.junit.jupiter.engine.execution.InvocationInterceptorChain.invoke(InvocationInterceptorChain.java:37) ~[junit-jupiter-engine-5.10.1.jar:5.10.1]
	at org.junit.jupiter.engine.execution.InterceptingExecutableInvoker.invoke(InterceptingExecutableInvoker.java:92) ~[junit-jupiter-engine-5.10.1.jar:5.10.1]
	at org.junit.jupiter.engine.execution.InterceptingExecutableInvoker.invoke(InterceptingExecutableInvoker.java:86) ~[junit-jupiter-engine-5.10.1.jar:5.10.1]
	at org.junit.jupiter.engine.descriptor.TestMethodTestDescriptor.lambda$invokeTestMethod$7(TestMethodTestDescriptor.java:218) ~[junit-jupiter-engine-5.10.1.jar:5.10.1]
	at org.junit.platform.engine.support.hierarchical.ThrowableCollector.execute(ThrowableCollector.java:73) ~[junit-platform-engine-1.10.1.jar:1.10.1]
	at org.junit.jupiter.engine.descriptor.TestMethodTestDescriptor.invokeTestMethod(TestMethodTestDescriptor.java:214) ~[junit-jupiter-engine-5.10.1.jar:5.10.1]
	at org.junit.jupiter.engine.descriptor.TestMethodTestDescriptor.execute(TestMethodTestDescriptor.java:139) ~[junit-jupiter-engine-5.10.1.jar:5.10.1]
	at org.junit.jupiter.engine.descriptor.TestMethodTestDescriptor.execute(TestMethodTestDescriptor.java:69) ~[junit-jupiter-engine-5.10.1.jar:5.10.1]
	at org.junit.platform.engine.support.hierarchical.NodeTestTask.lambda$executeRecursively$6(NodeTestTask.java:151) ~[junit-platform-engine-1.10.1.jar:1.10.1]
	at org.junit.platform.engine.support.hierarchical.ThrowableCollector.execute(ThrowableCollector.java:73) ~[junit-platform-engine-1.10.1.jar:1.10.1]
	at org.junit.platform.engine.support.hierarchical.NodeTestTask.lambda$executeRecursively$8(NodeTestTask.java:141) ~[junit-platform-engine-1.10.1.jar:1.10.1]
	at org.junit.platform.engine.support.hierarchical.Node.around(Node.java:137) ~[junit-platform-engine-1.10.1.jar:1.10.1]
	at org.junit.platform.engine.support.hierarchical.NodeTestTask.lambda$executeRecursively$9(NodeTestTask.java:139) ~[junit-platform-engine-1.10.1.jar:1.10.1]
	at org.junit.platform.engine.support.hierarchical.ThrowableCollector.execute(ThrowableCollector.java:73) ~[junit-platform-engine-1.10.1.jar:1.10.1]
	at org.junit.platform.engine.support.hierarchical.NodeTestTask.executeRecursively(NodeTestTask.java:138) ~[junit-platform-engine-1.10.1.jar:1.10.1]
	at org.junit.platform.engine.support.hierarchical.NodeTestTask.execute(NodeTestTask.java:95) ~[junit-platform-engine-1.10.1.jar:1.10.1]
	at java.base/java.util.ArrayList.forEach(ArrayList.java:1511) ~[na:na]
	at org.junit.platform.engine.support.hierarchical.SameThreadHierarchicalTestExecutorService.invokeAll(SameThreadHierarchicalTestExecutorService.java:41) ~[junit-platform-engine-1.10.1.jar:1.10.1]
	at org.junit.platform.engine.support.hierarchical.NodeTestTask.lambda$executeRecursively$6(NodeTestTask.java:155) ~[junit-platform-engine-1.10.1.jar:1.10.1]
	at org.junit.platform.engine.support.hierarchical.ThrowableCollector.execute(ThrowableCollector.java:73) ~[junit-platform-engine-1.10.1.jar:1.10.1]
	at org.junit.platform.engine.support.hierarchical.NodeTestTask.lambda$executeRecursively$8(NodeTestTask.java:141) ~[junit-platform-engine-1.10.1.jar:1.10.1]
	at org.junit.platform.engine.support.hierarchical.Node.around(Node.java:137) ~[junit-platform-engine-1.10.1.jar:1.10.1]
	at org.junit.platform.engine.support.hierarchical.NodeTestTask.lambda$executeRecursively$9(NodeTestTask.java:139) ~[junit-platform-engine-1.10.1.jar:1.10.1]
	at org.junit.platform.engine.support.hierarchical.ThrowableCollector.execute(ThrowableCollector.java:73) ~[junit-platform-engine-1.10.1.jar:1.10.1]
	at org.junit.platform.engine.support.hierarchical.NodeTestTask.executeRecursively(NodeTestTask.java:138) ~[junit-platform-engine-1.10.1.jar:1.10.1]
	at org.junit.platform.engine.support.hierarchical.NodeTestTask.execute(NodeTestTask.java:95) ~[junit-platform-engine-1.10.1.jar:1.10.1]
	at java.base/java.util.ArrayList.forEach(ArrayList.java:1511) ~[na:na]
	at org.junit.platform.engine.support.hierarchical.SameThreadHierarchicalTestExecutorService.invokeAll(SameThreadHierarchicalTestExecutorService.java:41) ~[junit-platform-engine-1.10.1.jar:1.10.1]
	at org.junit.platform.engine.support.hierarchical.NodeTestTask.lambda$executeRecursively$6(NodeTestTask.java:155) ~[junit-platform-engine-1.10.1.jar:1.10.1]
	at org.junit.platform.engine.support.hierarchical.ThrowableCollector.execute(ThrowableCollector.java:73) ~[junit-platform-engine-1.10.1.jar:1.10.1]
	at org.junit.platform.engine.support.hierarchical.NodeTestTask.lambda$executeRecursively$8(NodeTestTask.java:141) ~[junit-platform-engine-1.10.1.jar:1.10.1]
	at org.junit.platform.engine.support.hierarchical.Node.around(Node.java:137) ~[junit-platform-engine-1.10.1.jar:1.10.1]
	at org.junit.platform.engine.support.hierarchical.NodeTestTask.lambda$executeRecursively$9(NodeTestTask.java:139) ~[junit-platform-engine-1.10.1.jar:1.10.1]
	at org.junit.platform.engine.support.hierarchical.ThrowableCollector.execute(ThrowableCollector.java:73) ~[junit-platform-engine-1.10.1.jar:1.10.1]
	at org.junit.platform.engine.support.hierarchical.NodeTestTask.executeRecursively(NodeTestTask.java:138) ~[junit-platform-engine-1.10.1.jar:1.10.1]
	at org.junit.platform.engine.support.hierarchical.NodeTestTask.execute(NodeTestTask.java:95) ~[junit-platform-engine-1.10.1.jar:1.10.1]
	at org.junit.platform.engine.support.hierarchical.SameThreadHierarchicalTestExecutorService.submit(SameThreadHierarchicalTestExecutorService.java:35) ~[junit-platform-engine-1.10.1.jar:1.10.1]
	at org.junit.platform.engine.support.hierarchical.HierarchicalTestExecutor.execute(HierarchicalTestExecutor.java:57) ~[junit-platform-engine-1.10.1.jar:1.10.1]
	at org.junit.platform.engine.support.hierarchical.HierarchicalTestEngine.execute(HierarchicalTestEngine.java:54) ~[junit-platform-engine-1.10.1.jar:1.10.1]
	at org.junit.platform.launcher.core.EngineExecutionOrchestrator.execute(EngineExecutionOrchestrator.java:198) ~[junit-platform-launcher-1.10.1.jar:1.10.1]
	at org.junit.platform.launcher.core.EngineExecutionOrchestrator.execute(EngineExecutionOrchestrator.java:169) ~[junit-platform-launcher-1.10.1.jar:1.10.1]
	at org.junit.platform.launcher.core.EngineExecutionOrchestrator.execute(EngineExecutionOrchestrator.java:93) ~[junit-platform-launcher-1.10.1.jar:1.10.1]
	at org.junit.platform.launcher.core.EngineExecutionOrchestrator.lambda$execute$0(EngineExecutionOrchestrator.java:58) ~[junit-platform-launcher-1.10.1.jar:1.10.1]
	at org.junit.platform.launcher.core.EngineExecutionOrchestrator.withInterceptedStreams(EngineExecutionOrchestrator.java:141) ~[junit-platform-launcher-1.10.1.jar:1.10.1]
	at org.junit.platform.launcher.core.EngineExecutionOrchestrator.execute(EngineExecutionOrchestrator.java:57) ~[junit-platform-launcher-1.10.1.jar:1.10.1]
	at org.junit.platform.launcher.core.DefaultLauncher.execute(DefaultLauncher.java:103) ~[junit-platform-launcher-1.10.1.jar:1.10.1]
	at org.junit.platform.launcher.core.DefaultLauncher.execute(DefaultLauncher.java:85) ~[junit-platform-launcher-1.10.1.jar:1.10.1]
	at org.junit.platform.launcher.core.DelegatingLauncher.execute(DelegatingLauncher.java:47) ~[junit-platform-launcher-1.10.1.jar:1.10.1]
	at org.apache.maven.surefire.junitplatform.LazyLauncher.execute(LazyLauncher.java:56) ~[surefire-junit-platform-3.1.2.jar:3.1.2]
	at org.apache.maven.surefire.junitplatform.JUnitPlatformProvider.execute(JUnitPlatformProvider.java:184) ~[surefire-junit-platform-3.1.2.jar:3.1.2]
	at org.apache.maven.surefire.junitplatform.JUnitPlatformProvider.invokeAllTests(JUnitPlatformProvider.java:148) ~[surefire-junit-platform-3.1.2.jar:3.1.2]
	at org.apache.maven.surefire.junitplatform.JUnitPlatformProvider.invoke(JUnitPlatformProvider.java:122) ~[surefire-junit-platform-3.1.2.jar:3.1.2]
	at org.apache.maven.surefire.booter.ForkedBooter.runSuitesInProcess(ForkedBooter.java:385) ~[surefire-booter-3.1.2.jar:3.1.2]
	at org.apache.maven.surefire.booter.ForkedBooter.execute(ForkedBooter.java:162) ~[surefire-booter-3.1.2.jar:3.1.2]
	at org.apache.maven.surefire.booter.ForkedBooter.run(ForkedBooter.java:507) ~[surefire-booter-3.1.2.jar:3.1.2]
	at org.apache.maven.surefire.booter.ForkedBooter.main(ForkedBooter.java:495) ~[surefire-booter-3.1.2.jar:3.1.2]

]]></system-out>
  </testcase>
  <testcase name="shouldAddAccessoryToVehicleWhenValidDataProvided" classname="com.renault.garage.controller.VehicleAccessoryControllerIntegrationTest" time="0.004">
    <system-out><![CDATA[2025-06-21T21:04:32.905+02:00  INFO 33435 --- [r-event-handler] kafka.log.UnifiedLog$                    : [LogLoader partition=__consumer_offsets-13, dir=/var/folders/ph/gv4vgc5d17n07t_4t6_6bylh0000gn/T/kafka-7346632563492694573/broker_0_data0] Loading producer state till offset 0 with message format version 2
2025-06-21T21:04:32.905+02:00  INFO 33435 --- [r-event-handler] kafka.log.LogManager                     : Created log for partition __consumer_offsets-13 in /var/folders/ph/gv4vgc5d17n07t_4t6_6bylh0000gn/T/kafka-7346632563492694573/broker_0_data0/__consumer_offsets-13 with properties {cleanup.policy=compact, compression.type="producer", segment.bytes=104857600}
2025-06-21T21:04:32.906+02:00  INFO 33435 --- [r-event-handler] kafka.cluster.Partition                  : [Partition __consumer_offsets-13 broker=0] No checkpointed highwatermark is found for partition __consumer_offsets-13
2025-06-21T21:04:32.906+02:00  INFO 33435 --- [r-event-handler] kafka.cluster.Partition                  : [Partition __consumer_offsets-13 broker=0] Log loaded for partition __consumer_offsets-13 with initial high watermark 0
2025-06-21T21:04:32.906+02:00  INFO 33435 --- [r-event-handler] state.change.logger                      : [Broker id=0] Leader __consumer_offsets-13 with topic id Some(eS-AxSGRSOmbpXJGYe6FJQ) starts at leader epoch 0 from offset 0 with partition epoch 0, high watermark 0, ISR [0], adding replicas [] and removing replicas [] . Previous leader None and previous leader epoch was -1.
2025-06-21T21:04:32.906+02:00  INFO 33435 --- [           main] o.s.b.t.m.w.SpringBootMockServletContext : Initializing Spring TestDispatcherServlet ''
2025-06-21T21:04:32.906+02:00  INFO 33435 --- [           main] o.s.t.web.servlet.TestDispatcherServlet  : Initializing Servlet ''
2025-06-21T21:04:32.906+02:00  INFO 33435 --- [           main] o.s.t.web.servlet.TestDispatcherServlet  : Completed initialization in 0 ms
2025-06-21T21:04:32.906+02:00 DEBUG 33435 --- [           main] org.hibernate.SQL                        : 
    insert 
    into
        garages
        (address, email, name, phone, id) 
    values
        (?, ?, ?, ?, default)
Hibernate: 
    insert 
    into
        garages
        (address, email, name, phone, id) 
    values
        (?, ?, ?, ?, default)
2025-06-21T21:04:32.907+02:00 DEBUG 33435 --- [           main] org.hibernate.SQL                        : 
    insert 
    into
        vehicles
        (brand, fuel_type, manufacture_year, id) 
    values
        (?, ?, ?, default)
Hibernate: 
    insert 
    into
        vehicles
        (brand, fuel_type, manufacture_year, id) 
    values
        (?, ?, ?, default)
2025-06-21T21:04:32.907+02:00 DEBUG 33435 --- [           main] org.hibernate.SQL                        : 
    insert 
    into
        garage_vehicle
        (garage_id, quantity, vehicle_id, id) 
    values
        (?, ?, ?, default)
Hibernate: 
    insert 
    into
        garage_vehicle
        (garage_id, quantity, vehicle_id, id) 
    values
        (?, ?, ?, default)
2025-06-21T21:04:32.908+02:00 DEBUG 33435 --- [           main] org.hibernate.SQL                        : 
    insert 
    into
        accessory
        (description, name, price, type, id) 
    values
        (?, ?, ?, ?, default)
Hibernate: 
    insert 
    into
        accessory
        (description, name, price, type, id) 
    values
        (?, ?, ?, ?, default)
2025-06-21T21:04:32.908+02:00  INFO 33435 --- [r-event-handler] state.change.logger                      : [Broker id=0] Creating new partition __consumer_offsets-46 with topic id eS-AxSGRSOmbpXJGYe6FJQ.
]]></system-out>
  </testcase>
  <testcase name="shouldUpdateVehicleAccessoryWhenValidDataProvided" classname="com.renault.garage.controller.VehicleAccessoryControllerIntegrationTest" time="0.01">
    <system-out><![CDATA[2025-06-21T21:04:32.910+02:00  INFO 33435 --- [r-event-handler] kafka.log.UnifiedLog$                    : [LogLoader partition=__consumer_offsets-46, dir=/var/folders/ph/gv4vgc5d17n07t_4t6_6bylh0000gn/T/kafka-7346632563492694573/broker_0_data0] Loading producer state till offset 0 with message format version 2
2025-06-21T21:04:32.910+02:00  INFO 33435 --- [r-event-handler] kafka.log.LogManager                     : Created log for partition __consumer_offsets-46 in /var/folders/ph/gv4vgc5d17n07t_4t6_6bylh0000gn/T/kafka-7346632563492694573/broker_0_data0/__consumer_offsets-46 with properties {cleanup.policy=compact, compression.type="producer", segment.bytes=104857600}
2025-06-21T21:04:32.910+02:00  INFO 33435 --- [r-event-handler] kafka.cluster.Partition                  : [Partition __consumer_offsets-46 broker=0] No checkpointed highwatermark is found for partition __consumer_offsets-46
2025-06-21T21:04:32.910+02:00  INFO 33435 --- [r-event-handler] kafka.cluster.Partition                  : [Partition __consumer_offsets-46 broker=0] Log loaded for partition __consumer_offsets-46 with initial high watermark 0
2025-06-21T21:04:32.910+02:00  INFO 33435 --- [r-event-handler] state.change.logger                      : [Broker id=0] Leader __consumer_offsets-46 with topic id Some(eS-AxSGRSOmbpXJGYe6FJQ) starts at leader epoch 0 from offset 0 with partition epoch 0, high watermark 0, ISR [0], adding replicas [] and removing replicas [] . Previous leader None and previous leader epoch was -1.
2025-06-21T21:04:32.910+02:00  INFO 33435 --- [           main] o.s.b.t.m.w.SpringBootMockServletContext : Initializing Spring TestDispatcherServlet ''
2025-06-21T21:04:32.910+02:00  INFO 33435 --- [           main] o.s.t.web.servlet.TestDispatcherServlet  : Initializing Servlet ''
2025-06-21T21:04:32.911+02:00  INFO 33435 --- [           main] o.s.t.web.servlet.TestDispatcherServlet  : Completed initialization in 1 ms
2025-06-21T21:04:32.911+02:00 DEBUG 33435 --- [           main] org.hibernate.SQL                        : 
    insert 
    into
        garages
        (address, email, name, phone, id) 
    values
        (?, ?, ?, ?, default)
Hibernate: 
    insert 
    into
        garages
        (address, email, name, phone, id) 
    values
        (?, ?, ?, ?, default)
2025-06-21T21:04:32.911+02:00 DEBUG 33435 --- [           main] org.hibernate.SQL                        : 
    insert 
    into
        vehicles
        (brand, fuel_type, manufacture_year, id) 
    values
        (?, ?, ?, default)
Hibernate: 
    insert 
    into
        vehicles
        (brand, fuel_type, manufacture_year, id) 
    values
        (?, ?, ?, default)
2025-06-21T21:04:32.911+02:00 DEBUG 33435 --- [           main] org.hibernate.SQL                        : 
    insert 
    into
        garage_vehicle
        (garage_id, quantity, vehicle_id, id) 
    values
        (?, ?, ?, default)
Hibernate: 
    insert 
    into
        garage_vehicle
        (garage_id, quantity, vehicle_id, id) 
    values
        (?, ?, ?, default)
2025-06-21T21:04:32.914+02:00 DEBUG 33435 --- [           main] org.hibernate.SQL                        : 
    insert 
    into
        accessory
        (description, name, price, type, id) 
    values
        (?, ?, ?, ?, default)
Hibernate: 
    insert 
    into
        accessory
        (description, name, price, type, id) 
    values
        (?, ?, ?, ?, default)
2025-06-21T21:04:32.915+02:00  INFO 33435 --- [r-event-handler] state.change.logger                      : [Broker id=0] Creating new partition __consumer_offsets-9 with topic id eS-AxSGRSOmbpXJGYe6FJQ.
2025-06-21T21:04:32.916+02:00 DEBUG 33435 --- [           main] org.hibernate.SQL                        : 
    select
        count(*) 
    from
        vehicles v1_0 
    where
        v1_0.id=?
Hibernate: 
    select
        count(*) 
    from
        vehicles v1_0 
    where
        v1_0.id=?
2025-06-21T21:04:32.916+02:00  INFO 33435 --- [r-event-handler] kafka.log.UnifiedLog$                    : [LogLoader partition=__consumer_offsets-9, dir=/var/folders/ph/gv4vgc5d17n07t_4t6_6bylh0000gn/T/kafka-7346632563492694573/broker_0_data0] Loading producer state till offset 0 with message format version 2
2025-06-21T21:04:32.916+02:00  INFO 33435 --- [r-event-handler] kafka.log.LogManager                     : Created log for partition __consumer_offsets-9 in /var/folders/ph/gv4vgc5d17n07t_4t6_6bylh0000gn/T/kafka-7346632563492694573/broker_0_data0/__consumer_offsets-9 with properties {cleanup.policy=compact, compression.type="producer", segment.bytes=104857600}
2025-06-21T21:04:32.916+02:00  INFO 33435 --- [r-event-handler] kafka.cluster.Partition                  : [Partition __consumer_offsets-9 broker=0] No checkpointed highwatermark is found for partition __consumer_offsets-9
2025-06-21T21:04:32.916+02:00  INFO 33435 --- [r-event-handler] kafka.cluster.Partition                  : [Partition __consumer_offsets-9 broker=0] Log loaded for partition __consumer_offsets-9 with initial high watermark 0
2025-06-21T21:04:32.916+02:00  INFO 33435 --- [r-event-handler] state.change.logger                      : [Broker id=0] Leader __consumer_offsets-9 with topic id Some(eS-AxSGRSOmbpXJGYe6FJQ) starts at leader epoch 0 from offset 0 with partition epoch 0, high watermark 0, ISR [0], adding replicas [] and removing replicas [] . Previous leader None and previous leader epoch was -1.
2025-06-21T21:04:32.918+02:00 DEBUG 33435 --- [           main] org.hibernate.SQL                        : 
    insert 
    into
        vehicle_accessory
        (vehicle_id, accessory_id) 
    values
        (?, ?)
Hibernate: 
    insert 
    into
        vehicle_accessory
        (vehicle_id, accessory_id) 
    values
        (?, ?)
2025-06-21T21:04:32.918+02:00 DEBUG 33435 --- [           main] org.hibernate.SQL                        : 
    select
        a1_0.id,
        a1_0.description,
        a1_0.name,
        a1_0.price,
        a1_0.type 
    from
        accessory a1_0 
    join
        vehicle_accessory v1_0 
            on a1_0.id=v1_0.accessory_id 
    where
        a1_0.id=? 
        and v1_0.vehicle_id=?
Hibernate: 
    select
        a1_0.id,
        a1_0.description,
        a1_0.name,
        a1_0.price,
        a1_0.type 
    from
        accessory a1_0 
    join
        vehicle_accessory v1_0 
            on a1_0.id=v1_0.accessory_id 
    where
        a1_0.id=? 
        and v1_0.vehicle_id=?
]]></system-out>
  </testcase>
  <testcase name="shouldReturnVehicleAccessoriesWhenValidVehicleIdProvided" classname="com.renault.garage.controller.VehicleAccessoryControllerIntegrationTest" time="0.007">
    <system-out><![CDATA[2025-06-21T21:04:32.920+02:00  INFO 33435 --- [r-event-handler] state.change.logger                      : [Broker id=0] Creating new partition __consumer_offsets-42 with topic id eS-AxSGRSOmbpXJGYe6FJQ.
2025-06-21T21:04:32.921+02:00  INFO 33435 --- [           main] o.s.b.t.m.w.SpringBootMockServletContext : Initializing Spring TestDispatcherServlet ''
2025-06-21T21:04:32.921+02:00  INFO 33435 --- [           main] o.s.t.web.servlet.TestDispatcherServlet  : Initializing Servlet ''
2025-06-21T21:04:32.921+02:00  INFO 33435 --- [           main] o.s.t.web.servlet.TestDispatcherServlet  : Completed initialization in 0 ms
2025-06-21T21:04:32.921+02:00 DEBUG 33435 --- [           main] org.hibernate.SQL                        : 
    insert 
    into
        garages
        (address, email, name, phone, id) 
    values
        (?, ?, ?, ?, default)
Hibernate: 
    insert 
    into
        garages
        (address, email, name, phone, id) 
    values
        (?, ?, ?, ?, default)
2025-06-21T21:04:32.922+02:00  INFO 33435 --- [r-event-handler] kafka.log.UnifiedLog$                    : [LogLoader partition=__consumer_offsets-42, dir=/var/folders/ph/gv4vgc5d17n07t_4t6_6bylh0000gn/T/kafka-7346632563492694573/broker_0_data0] Loading producer state till offset 0 with message format version 2
2025-06-21T21:04:32.922+02:00  INFO 33435 --- [r-event-handler] kafka.log.LogManager                     : Created log for partition __consumer_offsets-42 in /var/folders/ph/gv4vgc5d17n07t_4t6_6bylh0000gn/T/kafka-7346632563492694573/broker_0_data0/__consumer_offsets-42 with properties {cleanup.policy=compact, compression.type="producer", segment.bytes=104857600}
2025-06-21T21:04:32.922+02:00  INFO 33435 --- [r-event-handler] kafka.cluster.Partition                  : [Partition __consumer_offsets-42 broker=0] No checkpointed highwatermark is found for partition __consumer_offsets-42
2025-06-21T21:04:32.922+02:00  INFO 33435 --- [r-event-handler] kafka.cluster.Partition                  : [Partition __consumer_offsets-42 broker=0] Log loaded for partition __consumer_offsets-42 with initial high watermark 0
2025-06-21T21:04:32.922+02:00  INFO 33435 --- [r-event-handler] state.change.logger                      : [Broker id=0] Leader __consumer_offsets-42 with topic id Some(eS-AxSGRSOmbpXJGYe6FJQ) starts at leader epoch 0 from offset 0 with partition epoch 0, high watermark 0, ISR [0], adding replicas [] and removing replicas [] . Previous leader None and previous leader epoch was -1.
2025-06-21T21:04:32.922+02:00 DEBUG 33435 --- [           main] org.hibernate.SQL                        : 
    insert 
    into
        vehicles
        (brand, fuel_type, manufacture_year, id) 
    values
        (?, ?, ?, default)
Hibernate: 
    insert 
    into
        vehicles
        (brand, fuel_type, manufacture_year, id) 
    values
        (?, ?, ?, default)
2025-06-21T21:04:32.923+02:00 DEBUG 33435 --- [           main] org.hibernate.SQL                        : 
    insert 
    into
        garage_vehicle
        (garage_id, quantity, vehicle_id, id) 
    values
        (?, ?, ?, default)
Hibernate: 
    insert 
    into
        garage_vehicle
        (garage_id, quantity, vehicle_id, id) 
    values
        (?, ?, ?, default)
2025-06-21T21:04:32.923+02:00 DEBUG 33435 --- [           main] org.hibernate.SQL                        : 
    insert 
    into
        accessory
        (description, name, price, type, id) 
    values
        (?, ?, ?, ?, default)
Hibernate: 
    insert 
    into
        accessory
        (description, name, price, type, id) 
    values
        (?, ?, ?, ?, default)
2025-06-21T21:04:32.924+02:00 DEBUG 33435 --- [           main] org.hibernate.SQL                        : 
    insert 
    into
        accessory
        (description, name, price, type, id) 
    values
        (?, ?, ?, ?, default)
Hibernate: 
    insert 
    into
        accessory
        (description, name, price, type, id) 
    values
        (?, ?, ?, ?, default)
2025-06-21T21:04:32.924+02:00 DEBUG 33435 --- [           main] org.hibernate.SQL                        : 
    select
        count(*) 
    from
        vehicles v1_0 
    where
        v1_0.id=?
Hibernate: 
    select
        count(*) 
    from
        vehicles v1_0 
    where
        v1_0.id=?
2025-06-21T21:04:32.925+02:00 DEBUG 33435 --- [           main] org.hibernate.SQL                        : 
    insert 
    into
        vehicle_accessory
        (vehicle_id, accessory_id) 
    values
        (?, ?)
Hibernate: 
    insert 
    into
        vehicle_accessory
        (vehicle_id, accessory_id) 
    values
        (?, ?)
2025-06-21T21:04:32.925+02:00 DEBUG 33435 --- [           main] org.hibernate.SQL                        : 
    insert 
    into
        vehicle_accessory
        (vehicle_id, accessory_id) 
    values
        (?, ?)
Hibernate: 
    insert 
    into
        vehicle_accessory
        (vehicle_id, accessory_id) 
    values
        (?, ?)
2025-06-21T21:04:32.925+02:00  INFO 33435 --- [r-event-handler] state.change.logger                      : [Broker id=0] Creating new partition __consumer_offsets-21 with topic id eS-AxSGRSOmbpXJGYe6FJQ.
2025-06-21T21:04:32.925+02:00 DEBUG 33435 --- [           main] org.hibernate.SQL                        : 
    select
        a1_0.id,
        a1_0.description,
        a1_0.name,
        a1_0.price,
        a1_0.type 
    from
        accessory a1_0 
    join
        vehicle_accessory v1_0 
            on a1_0.id=v1_0.accessory_id 
    where
        v1_0.vehicle_id=?
Hibernate: 
    select
        a1_0.id,
        a1_0.description,
        a1_0.name,
        a1_0.price,
        a1_0.type 
    from
        accessory a1_0 
    join
        vehicle_accessory v1_0 
            on a1_0.id=v1_0.accessory_id 
    where
        v1_0.vehicle_id=?
2025-06-21T21:04:32.926+02:00  INFO 33435 --- [r-event-handler] kafka.log.UnifiedLog$                    : [LogLoader partition=__consumer_offsets-21, dir=/var/folders/ph/gv4vgc5d17n07t_4t6_6bylh0000gn/T/kafka-7346632563492694573/broker_0_data0] Loading producer state till offset 0 with message format version 2
2025-06-21T21:04:32.927+02:00  INFO 33435 --- [r-event-handler] kafka.log.LogManager                     : Created log for partition __consumer_offsets-21 in /var/folders/ph/gv4vgc5d17n07t_4t6_6bylh0000gn/T/kafka-7346632563492694573/broker_0_data0/__consumer_offsets-21 with properties {cleanup.policy=compact, compression.type="producer", segment.bytes=104857600}
2025-06-21T21:04:32.927+02:00  INFO 33435 --- [r-event-handler] kafka.cluster.Partition                  : [Partition __consumer_offsets-21 broker=0] No checkpointed highwatermark is found for partition __consumer_offsets-21
2025-06-21T21:04:32.927+02:00  INFO 33435 --- [r-event-handler] kafka.cluster.Partition                  : [Partition __consumer_offsets-21 broker=0] Log loaded for partition __consumer_offsets-21 with initial high watermark 0
2025-06-21T21:04:32.927+02:00  INFO 33435 --- [r-event-handler] state.change.logger                      : [Broker id=0] Leader __consumer_offsets-21 with topic id Some(eS-AxSGRSOmbpXJGYe6FJQ) starts at leader epoch 0 from offset 0 with partition epoch 0, high watermark 0, ISR [0], adding replicas [] and removing replicas [] . Previous leader None and previous leader epoch was -1.
]]></system-out>
  </testcase>
</testsuite>